CRITICAL - 2020-05-07 12:23:25 --> syntax error, unexpected 'if' (T_IF)
#0 /Users/siddharthamishra/Downloads/codeigniter/system/CodeIgniter.php(360): CodeIgniter\CodeIgniter->tryToRouteIt(NULL)
#1 /Users/siddharthamishra/Downloads/codeigniter/system/CodeIgniter.php(308): CodeIgniter\CodeIgniter->handleRequest(NULL, Object(Config\Cache), false)
#2 /Users/siddharthamishra/Downloads/codeigniter/system/CLI/Console.php(86): CodeIgniter\CodeIgniter->run()
#3 /Users/siddharthamishra/Downloads/codeigniter/spark(57): CodeIgniter\CLI\Console->run()
#4 {main}
CRITICAL - 2020-05-07 12:26:27 --> Undefined variable: long
#0 /Users/siddharthamishra/Downloads/codeigniter/app/Controllers/Maps.php(21): CodeIgniter\Debug\Exceptions->errorHandler(8, 'Undefined varia...', '/Users/siddhart...', 21, Array)
#1 /Users/siddharthamishra/Downloads/codeigniter/system/CodeIgniter.php(914): App\Controllers\Maps->autocomplete('h', '28.6139', '77.209')
#2 /Users/siddharthamishra/Downloads/codeigniter/system/CodeIgniter.php(400): CodeIgniter\CodeIgniter->runController(Object(App\Controllers\Maps))
#3 /Users/siddharthamishra/Downloads/codeigniter/system/CodeIgniter.php(308): CodeIgniter\CodeIgniter->handleRequest(NULL, Object(Config\Cache), false)
#4 /Users/siddharthamishra/Downloads/codeigniter/public/index.php(45): CodeIgniter\CodeIgniter->run()
#5 /Users/siddharthamishra/Downloads/codeigniter/system/Commands/Server/rewrite.php(34): require_once('/Users/siddhart...')
#6 {main}
CRITICAL - 2020-05-07 12:27:02 --> Undefined variable: long
#0 /Users/siddharthamishra/Downloads/codeigniter/app/Controllers/Maps.php(21): CodeIgniter\Debug\Exceptions->errorHandler(8, 'Undefined varia...', '/Users/siddhart...', 21, Array)
#1 /Users/siddharthamishra/Downloads/codeigniter/system/CodeIgniter.php(914): App\Controllers\Maps->autocomplete('he', '28.6139', '77.209')
#2 /Users/siddharthamishra/Downloads/codeigniter/system/CodeIgniter.php(400): CodeIgniter\CodeIgniter->runController(Object(App\Controllers\Maps))
#3 /Users/siddharthamishra/Downloads/codeigniter/system/CodeIgniter.php(308): CodeIgniter\CodeIgniter->handleRequest(NULL, Object(Config\Cache), false)
#4 /Users/siddharthamishra/Downloads/codeigniter/public/index.php(45): CodeIgniter\CodeIgniter->run()
#5 /Users/siddharthamishra/Downloads/codeigniter/system/Commands/Server/rewrite.php(34): require_once('/Users/siddhart...')
#6 {main}
CRITICAL - 2020-05-07 12:27:04 --> Undefined variable: long
#0 /Users/siddharthamishra/Downloads/codeigniter/app/Controllers/Maps.php(21): CodeIgniter\Debug\Exceptions->errorHandler(8, 'Undefined varia...', '/Users/siddhart...', 21, Array)
#1 /Users/siddharthamishra/Downloads/codeigniter/system/CodeIgniter.php(914): App\Controllers\Maps->autocomplete('hel', '28.6139', '77.209')
#2 /Users/siddharthamishra/Downloads/codeigniter/system/CodeIgniter.php(400): CodeIgniter\CodeIgniter->runController(Object(App\Controllers\Maps))
#3 /Users/siddharthamishra/Downloads/codeigniter/system/CodeIgniter.php(308): CodeIgniter\CodeIgniter->handleRequest(NULL, Object(Config\Cache), false)
#4 /Users/siddharthamishra/Downloads/codeigniter/public/index.php(45): CodeIgniter\CodeIgniter->run()
#5 /Users/siddharthamishra/Downloads/codeigniter/system/Commands/Server/rewrite.php(34): require_once('/Users/siddhart...')
#6 {main}
CRITICAL - 2020-05-07 12:27:04 --> Undefined variable: long
#0 /Users/siddharthamishra/Downloads/codeigniter/app/Controllers/Maps.php(21): CodeIgniter\Debug\Exceptions->errorHandler(8, 'Undefined varia...', '/Users/siddhart...', 21, Array)
#1 /Users/siddharthamishra/Downloads/codeigniter/system/CodeIgniter.php(914): App\Controllers\Maps->autocomplete('hell', '28.6139', '77.209')
#2 /Users/siddharthamishra/Downloads/codeigniter/system/CodeIgniter.php(400): CodeIgniter\CodeIgniter->runController(Object(App\Controllers\Maps))
#3 /Users/siddharthamishra/Downloads/codeigniter/system/CodeIgniter.php(308): CodeIgniter\CodeIgniter->handleRequest(NULL, Object(Config\Cache), false)
#4 /Users/siddharthamishra/Downloads/codeigniter/public/index.php(45): CodeIgniter\CodeIgniter->run()
#5 /Users/siddharthamishra/Downloads/codeigniter/system/Commands/Server/rewrite.php(34): require_once('/Users/siddhart...')
#6 {main}
CRITICAL - 2020-05-07 12:27:05 --> Undefined variable: long
#0 /Users/siddharthamishra/Downloads/codeigniter/app/Controllers/Maps.php(21): CodeIgniter\Debug\Exceptions->errorHandler(8, 'Undefined varia...', '/Users/siddhart...', 21, Array)
#1 /Users/siddharthamishra/Downloads/codeigniter/system/CodeIgniter.php(914): App\Controllers\Maps->autocomplete('hello', '28.6139', '77.209')
#2 /Users/siddharthamishra/Downloads/codeigniter/system/CodeIgniter.php(400): CodeIgniter\CodeIgniter->runController(Object(App\Controllers\Maps))
#3 /Users/siddharthamishra/Downloads/codeigniter/system/CodeIgniter.php(308): CodeIgniter\CodeIgniter->handleRequest(NULL, Object(Config\Cache), false)
#4 /Users/siddharthamishra/Downloads/codeigniter/public/index.php(45): CodeIgniter\CodeIgniter->run()
#5 /Users/siddharthamishra/Downloads/codeigniter/system/Commands/Server/rewrite.php(34): require_once('/Users/siddhart...')
#6 {main}
CRITICAL - 2020-05-07 12:27:57 --> Undefined variable: long
#0 /Users/siddharthamishra/Downloads/codeigniter/app/Controllers/Maps.php(21): CodeIgniter\Debug\Exceptions->errorHandler(8, 'Undefined varia...', '/Users/siddhart...', 21, Array)
#1 /Users/siddharthamishra/Downloads/codeigniter/system/CodeIgniter.php(914): App\Controllers\Maps->autocomplete('hello', '10', '10')
#2 /Users/siddharthamishra/Downloads/codeigniter/system/CodeIgniter.php(400): CodeIgniter\CodeIgniter->runController(Object(App\Controllers\Maps))
#3 /Users/siddharthamishra/Downloads/codeigniter/system/CodeIgniter.php(308): CodeIgniter\CodeIgniter->handleRequest(NULL, Object(Config\Cache), false)
#4 /Users/siddharthamishra/Downloads/codeigniter/public/index.php(45): CodeIgniter\CodeIgniter->run()
#5 /Users/siddharthamishra/Downloads/codeigniter/system/Commands/Server/rewrite.php(34): require_once('/Users/siddhart...')
#6 {main}
CRITICAL - 2020-05-07 12:28:11 --> Class 'App\Models\APIRequest' not found
#0 /Users/siddharthamishra/Downloads/codeigniter/system/CodeIgniter.php(914): App\Controllers\Maps->autocomplete('hello', '10', '10')
#1 /Users/siddharthamishra/Downloads/codeigniter/system/CodeIgniter.php(400): CodeIgniter\CodeIgniter->runController(Object(App\Controllers\Maps))
#2 /Users/siddharthamishra/Downloads/codeigniter/system/CodeIgniter.php(308): CodeIgniter\CodeIgniter->handleRequest(NULL, Object(Config\Cache), false)
#3 /Users/siddharthamishra/Downloads/codeigniter/public/index.php(45): CodeIgniter\CodeIgniter->run()
#4 /Users/siddharthamishra/Downloads/codeigniter/system/Commands/Server/rewrite.php(34): require_once('/Users/siddhart...')
#5 {main}
CRITICAL - 2020-05-07 12:28:49 --> syntax error, unexpected '/', expecting ',' or ';'
#0 /Users/siddharthamishra/Downloads/codeigniter/system/Autoloader/Autoloader.php(296): CodeIgniter\Autoloader\Autoloader->requireFile('/Users/siddhart...')
#1 /Users/siddharthamishra/Downloads/codeigniter/system/Autoloader/Autoloader.php(258): CodeIgniter\Autoloader\Autoloader->loadInNamespace('App\\Controllers...')
#2 [internal function]: CodeIgniter\Autoloader\Autoloader->loadClass('App\\Controllers...')
#3 [internal function]: spl_autoload_call('App\\Controllers...')
#4 /Users/siddharthamishra/Downloads/codeigniter/system/CodeIgniter.php(865): class_exists('\\App\\Controller...', true)
#5 /Users/siddharthamishra/Downloads/codeigniter/system/CodeIgniter.php(390): CodeIgniter\CodeIgniter->startController()
#6 /Users/siddharthamishra/Downloads/codeigniter/system/CodeIgniter.php(308): CodeIgniter\CodeIgniter->handleRequest(NULL, Object(Config\Cache), false)
#7 /Users/siddharthamishra/Downloads/codeigniter/public/index.php(45): CodeIgniter\CodeIgniter->run()
#8 /Users/siddharthamishra/Downloads/codeigniter/system/Commands/Server/rewrite.php(34): require_once('/Users/siddhart...')
#9 {main}
CRITICAL - 2020-05-07 12:29:10 --> syntax error, unexpected '.', expecting ',' or ';'
#0 /Users/siddharthamishra/Downloads/codeigniter/system/Autoloader/Autoloader.php(296): CodeIgniter\Autoloader\Autoloader->requireFile('/Users/siddhart...')
#1 /Users/siddharthamishra/Downloads/codeigniter/system/Autoloader/Autoloader.php(258): CodeIgniter\Autoloader\Autoloader->loadInNamespace('App\\Controllers...')
#2 [internal function]: CodeIgniter\Autoloader\Autoloader->loadClass('App\\Controllers...')
#3 [internal function]: spl_autoload_call('App\\Controllers...')
#4 /Users/siddharthamishra/Downloads/codeigniter/system/CodeIgniter.php(865): class_exists('\\App\\Controller...', true)
#5 /Users/siddharthamishra/Downloads/codeigniter/system/CodeIgniter.php(390): CodeIgniter\CodeIgniter->startController()
#6 /Users/siddharthamishra/Downloads/codeigniter/system/CodeIgniter.php(308): CodeIgniter\CodeIgniter->handleRequest(NULL, Object(Config\Cache), false)
#7 /Users/siddharthamishra/Downloads/codeigniter/public/index.php(45): CodeIgniter\CodeIgniter->run()
#8 /Users/siddharthamishra/Downloads/codeigniter/system/Commands/Server/rewrite.php(34): require_once('/Users/siddhart...')
#9 {main}
CRITICAL - 2020-05-07 12:29:12 --> syntax error, unexpected '.', expecting ',' or ';'
#0 /Users/siddharthamishra/Downloads/codeigniter/system/Autoloader/Autoloader.php(296): CodeIgniter\Autoloader\Autoloader->requireFile('/Users/siddhart...')
#1 /Users/siddharthamishra/Downloads/codeigniter/system/Autoloader/Autoloader.php(258): CodeIgniter\Autoloader\Autoloader->loadInNamespace('App\\Controllers...')
#2 [internal function]: CodeIgniter\Autoloader\Autoloader->loadClass('App\\Controllers...')
#3 [internal function]: spl_autoload_call('App\\Controllers...')
#4 /Users/siddharthamishra/Downloads/codeigniter/system/CodeIgniter.php(865): class_exists('\\App\\Controller...', true)
#5 /Users/siddharthamishra/Downloads/codeigniter/system/CodeIgniter.php(390): CodeIgniter\CodeIgniter->startController()
#6 /Users/siddharthamishra/Downloads/codeigniter/system/CodeIgniter.php(308): CodeIgniter\CodeIgniter->handleRequest(NULL, Object(Config\Cache), false)
#7 /Users/siddharthamishra/Downloads/codeigniter/public/index.php(45): CodeIgniter\CodeIgniter->run()
#8 /Users/siddharthamishra/Downloads/codeigniter/system/Commands/Server/rewrite.php(34): require_once('/Users/siddhart...')
#9 {main}
CRITICAL - 2020-05-07 12:29:13 --> syntax error, unexpected '.', expecting ',' or ';'
#0 /Users/siddharthamishra/Downloads/codeigniter/system/Autoloader/Autoloader.php(296): CodeIgniter\Autoloader\Autoloader->requireFile('/Users/siddhart...')
#1 /Users/siddharthamishra/Downloads/codeigniter/system/Autoloader/Autoloader.php(258): CodeIgniter\Autoloader\Autoloader->loadInNamespace('App\\Controllers...')
#2 [internal function]: CodeIgniter\Autoloader\Autoloader->loadClass('App\\Controllers...')
#3 [internal function]: spl_autoload_call('App\\Controllers...')
#4 /Users/siddharthamishra/Downloads/codeigniter/system/CodeIgniter.php(865): class_exists('\\App\\Controller...', true)
#5 /Users/siddharthamishra/Downloads/codeigniter/system/CodeIgniter.php(390): CodeIgniter\CodeIgniter->startController()
#6 /Users/siddharthamishra/Downloads/codeigniter/system/CodeIgniter.php(308): CodeIgniter\CodeIgniter->handleRequest(NULL, Object(Config\Cache), false)
#7 /Users/siddharthamishra/Downloads/codeigniter/public/index.php(45): CodeIgniter\CodeIgniter->run()
#8 /Users/siddharthamishra/Downloads/codeigniter/system/Commands/Server/rewrite.php(34): require_once('/Users/siddhart...')
#9 {main}
CRITICAL - 2020-05-07 12:29:26 --> Class 'app\Models\APIRequest' not found
#0 /Users/siddharthamishra/Downloads/codeigniter/system/CodeIgniter.php(914): App\Controllers\Maps->autocomplete('hello', '10', '10')
#1 /Users/siddharthamishra/Downloads/codeigniter/system/CodeIgniter.php(400): CodeIgniter\CodeIgniter->runController(Object(App\Controllers\Maps))
#2 /Users/siddharthamishra/Downloads/codeigniter/system/CodeIgniter.php(308): CodeIgniter\CodeIgniter->handleRequest(NULL, Object(Config\Cache), false)
#3 /Users/siddharthamishra/Downloads/codeigniter/public/index.php(45): CodeIgniter\CodeIgniter->run()
#4 /Users/siddharthamishra/Downloads/codeigniter/system/Commands/Server/rewrite.php(34): require_once('/Users/siddhart...')
#5 {main}
CRITICAL - 2020-05-07 12:29:49 --> Class 'App\Models\APIRequest' not found
#0 /Users/siddharthamishra/Downloads/codeigniter/system/CodeIgniter.php(914): App\Controllers\Maps->autocomplete('hello', '10', '10')
#1 /Users/siddharthamishra/Downloads/codeigniter/system/CodeIgniter.php(400): CodeIgniter\CodeIgniter->runController(Object(App\Controllers\Maps))
#2 /Users/siddharthamishra/Downloads/codeigniter/system/CodeIgniter.php(308): CodeIgniter\CodeIgniter->handleRequest(NULL, Object(Config\Cache), false)
#3 /Users/siddharthamishra/Downloads/codeigniter/public/index.php(45): CodeIgniter\CodeIgniter->run()
#4 /Users/siddharthamishra/Downloads/codeigniter/system/Commands/Server/rewrite.php(34): require_once('/Users/siddhart...')
#5 {main}
CRITICAL - 2020-05-07 12:31:07 --> Call to undefined function App\Models\get_from_link()
#0 /Users/siddharthamishra/Downloads/codeigniter/app/Models/APIRequest.php(23): App\Models\APIRequest->getData()
#1 /Users/siddharthamishra/Downloads/codeigniter/app/Controllers/Maps.php(27): App\Models\APIRequest->processRequest()
#2 /Users/siddharthamishra/Downloads/codeigniter/system/CodeIgniter.php(914): App\Controllers\Maps->autocomplete('hello', '10', '10')
#3 /Users/siddharthamishra/Downloads/codeigniter/system/CodeIgniter.php(400): CodeIgniter\CodeIgniter->runController(Object(App\Controllers\Maps))
#4 /Users/siddharthamishra/Downloads/codeigniter/system/CodeIgniter.php(308): CodeIgniter\CodeIgniter->handleRequest(NULL, Object(Config\Cache), false)
#5 /Users/siddharthamishra/Downloads/codeigniter/public/index.php(45): CodeIgniter\CodeIgniter->run()
#6 /Users/siddharthamishra/Downloads/codeigniter/system/Commands/Server/rewrite.php(34): require_once('/Users/siddhart...')
#7 {main}
CRITICAL - 2020-05-07 12:33:42 --> Call to undefined function App\Models\get_from_link()
#0 /Users/siddharthamishra/Downloads/codeigniter/app/Models/APIRequest.php(23): App\Models\APIRequest->getData()
#1 /Users/siddharthamishra/Downloads/codeigniter/app/Controllers/Maps.php(27): App\Models\APIRequest->processRequest()
#2 /Users/siddharthamishra/Downloads/codeigniter/system/CodeIgniter.php(914): App\Controllers\Maps->autocomplete('hello', '10', '10')
#3 /Users/siddharthamishra/Downloads/codeigniter/system/CodeIgniter.php(400): CodeIgniter\CodeIgniter->runController(Object(App\Controllers\Maps))
#4 /Users/siddharthamishra/Downloads/codeigniter/system/CodeIgniter.php(308): CodeIgniter\CodeIgniter->handleRequest(NULL, Object(Config\Cache), false)
#5 /Users/siddharthamishra/Downloads/codeigniter/public/index.php(45): CodeIgniter\CodeIgniter->run()
#6 /Users/siddharthamishra/Downloads/codeigniter/system/Commands/Server/rewrite.php(34): require_once('/Users/siddhart...')
#7 {main}
CRITICAL - 2020-05-07 12:33:43 --> Call to undefined function App\Models\get_from_link()
#0 /Users/siddharthamishra/Downloads/codeigniter/app/Models/APIRequest.php(23): App\Models\APIRequest->getData()
#1 /Users/siddharthamishra/Downloads/codeigniter/app/Controllers/Maps.php(27): App\Models\APIRequest->processRequest()
#2 /Users/siddharthamishra/Downloads/codeigniter/system/CodeIgniter.php(914): App\Controllers\Maps->autocomplete('hello', '10', '10')
#3 /Users/siddharthamishra/Downloads/codeigniter/system/CodeIgniter.php(400): CodeIgniter\CodeIgniter->runController(Object(App\Controllers\Maps))
#4 /Users/siddharthamishra/Downloads/codeigniter/system/CodeIgniter.php(308): CodeIgniter\CodeIgniter->handleRequest(NULL, Object(Config\Cache), false)
#5 /Users/siddharthamishra/Downloads/codeigniter/public/index.php(45): CodeIgniter\CodeIgniter->run()
#6 /Users/siddharthamishra/Downloads/codeigniter/system/Commands/Server/rewrite.php(34): require_once('/Users/siddhart...')
#7 {main}
CRITICAL - 2020-05-07 12:34:07 --> curl_setopt(): CURLOPT_SSL_VERIFYHOST no longer accepts the value 1, value 2 will be used instead
#0 [internal function]: CodeIgniter\Debug\Exceptions->errorHandler(8, 'curl_setopt(): ...', '/Users/siddhart...', 86, Array)
#1 /Users/siddharthamishra/Downloads/codeigniter/app/Models/APIRequest.php(86): curl_setopt(Resource id #95, 81, 1)
#2 /Users/siddharthamishra/Downloads/codeigniter/app/Models/APIRequest.php(38): App\Models\APIRequest->get_from_link('https://maps.go...')
#3 /Users/siddharthamishra/Downloads/codeigniter/app/Models/APIRequest.php(23): App\Models\APIRequest->getData()
#4 /Users/siddharthamishra/Downloads/codeigniter/app/Controllers/Maps.php(27): App\Models\APIRequest->processRequest()
#5 /Users/siddharthamishra/Downloads/codeigniter/system/CodeIgniter.php(914): App\Controllers\Maps->autocomplete('hello', '10', '10')
#6 /Users/siddharthamishra/Downloads/codeigniter/system/CodeIgniter.php(400): CodeIgniter\CodeIgniter->runController(Object(App\Controllers\Maps))
#7 /Users/siddharthamishra/Downloads/codeigniter/system/CodeIgniter.php(308): CodeIgniter\CodeIgniter->handleRequest(NULL, Object(Config\Cache), false)
#8 /Users/siddharthamishra/Downloads/codeigniter/public/index.php(45): CodeIgniter\CodeIgniter->run()
#9 /Users/siddharthamishra/Downloads/codeigniter/system/Commands/Server/rewrite.php(34): require_once('/Users/siddhart...')
#10 {main}
CRITICAL - 2020-05-07 12:34:41 --> Invalid argument supplied for foreach()
#0 /Users/siddharthamishra/Downloads/codeigniter/app/Models/APIRequest.php(46): CodeIgniter\Debug\Exceptions->errorHandler(2, 'Invalid argumen...', '/Users/siddhart...', 46, Array)
#1 /Users/siddharthamishra/Downloads/codeigniter/app/Models/APIRequest.php(23): App\Models\APIRequest->getData()
#2 /Users/siddharthamishra/Downloads/codeigniter/app/Controllers/Maps.php(27): App\Models\APIRequest->processRequest()
#3 /Users/siddharthamishra/Downloads/codeigniter/system/CodeIgniter.php(914): App\Controllers\Maps->autocomplete('hello', '10', '10')
#4 /Users/siddharthamishra/Downloads/codeigniter/system/CodeIgniter.php(400): CodeIgniter\CodeIgniter->runController(Object(App\Controllers\Maps))
#5 /Users/siddharthamishra/Downloads/codeigniter/system/CodeIgniter.php(308): CodeIgniter\CodeIgniter->handleRequest(NULL, Object(Config\Cache), false)
#6 /Users/siddharthamishra/Downloads/codeigniter/public/index.php(45): CodeIgniter\CodeIgniter->run()
#7 /Users/siddharthamishra/Downloads/codeigniter/system/Commands/Server/rewrite.php(34): require_once('/Users/siddhart...')
#8 {main}
CRITICAL - 2020-05-07 12:35:35 --> Invalid argument supplied for foreach()
#0 /Users/siddharthamishra/Downloads/codeigniter/app/Models/APIRequest.php(46): CodeIgniter\Debug\Exceptions->errorHandler(2, 'Invalid argumen...', '/Users/siddhart...', 46, Array)
#1 /Users/siddharthamishra/Downloads/codeigniter/app/Models/APIRequest.php(23): App\Models\APIRequest->getData()
#2 /Users/siddharthamishra/Downloads/codeigniter/app/Controllers/Maps.php(27): App\Models\APIRequest->processRequest()
#3 /Users/siddharthamishra/Downloads/codeigniter/system/CodeIgniter.php(914): App\Controllers\Maps->autocomplete('hello', '10', '10')
#4 /Users/siddharthamishra/Downloads/codeigniter/system/CodeIgniter.php(400): CodeIgniter\CodeIgniter->runController(Object(App\Controllers\Maps))
#5 /Users/siddharthamishra/Downloads/codeigniter/system/CodeIgniter.php(308): CodeIgniter\CodeIgniter->handleRequest(NULL, Object(Config\Cache), false)
#6 /Users/siddharthamishra/Downloads/codeigniter/public/index.php(45): CodeIgniter\CodeIgniter->run()
#7 /Users/siddharthamishra/Downloads/codeigniter/system/Commands/Server/rewrite.php(34): require_once('/Users/siddhart...')
#8 {main}
CRITICAL - 2020-05-07 12:36:07 --> Invalid argument supplied for foreach()
#0 /Users/siddharthamishra/Downloads/codeigniter/app/Models/APIRequest.php(47): CodeIgniter\Debug\Exceptions->errorHandler(2, 'Invalid argumen...', '/Users/siddhart...', 47, Array)
#1 /Users/siddharthamishra/Downloads/codeigniter/app/Models/APIRequest.php(23): App\Models\APIRequest->getData()
#2 /Users/siddharthamishra/Downloads/codeigniter/app/Controllers/Maps.php(27): App\Models\APIRequest->processRequest()
#3 /Users/siddharthamishra/Downloads/codeigniter/system/CodeIgniter.php(914): App\Controllers\Maps->autocomplete('hello', '10', '10')
#4 /Users/siddharthamishra/Downloads/codeigniter/system/CodeIgniter.php(400): CodeIgniter\CodeIgniter->runController(Object(App\Controllers\Maps))
#5 /Users/siddharthamishra/Downloads/codeigniter/system/CodeIgniter.php(308): CodeIgniter\CodeIgniter->handleRequest(NULL, Object(Config\Cache), false)
#6 /Users/siddharthamishra/Downloads/codeigniter/public/index.php(45): CodeIgniter\CodeIgniter->run()
#7 /Users/siddharthamishra/Downloads/codeigniter/system/Commands/Server/rewrite.php(34): require_once('/Users/siddhart...')
#8 {main}
CRITICAL - 2020-05-07 12:36:38 --> Invalid argument supplied for foreach()
#0 /Users/siddharthamishra/Downloads/codeigniter/app/Models/APIRequest.php(47): CodeIgniter\Debug\Exceptions->errorHandler(2, 'Invalid argumen...', '/Users/siddhart...', 47, Array)
#1 /Users/siddharthamishra/Downloads/codeigniter/app/Models/APIRequest.php(23): App\Models\APIRequest->getData()
#2 /Users/siddharthamishra/Downloads/codeigniter/app/Controllers/Maps.php(27): App\Models\APIRequest->processRequest()
#3 /Users/siddharthamishra/Downloads/codeigniter/system/CodeIgniter.php(914): App\Controllers\Maps->autocomplete('hello', '10', '10')
#4 /Users/siddharthamishra/Downloads/codeigniter/system/CodeIgniter.php(400): CodeIgniter\CodeIgniter->runController(Object(App\Controllers\Maps))
#5 /Users/siddharthamishra/Downloads/codeigniter/system/CodeIgniter.php(308): CodeIgniter\CodeIgniter->handleRequest(NULL, Object(Config\Cache), false)
#6 /Users/siddharthamishra/Downloads/codeigniter/public/index.php(45): CodeIgniter\CodeIgniter->run()
#7 /Users/siddharthamishra/Downloads/codeigniter/system/Commands/Server/rewrite.php(34): require_once('/Users/siddhart...')
#8 {main}
CRITICAL - 2020-05-07 12:36:45 --> Invalid argument supplied for foreach()
#0 /Users/siddharthamishra/Downloads/codeigniter/app/Models/APIRequest.php(47): CodeIgniter\Debug\Exceptions->errorHandler(2, 'Invalid argumen...', '/Users/siddhart...', 47, Array)
#1 /Users/siddharthamishra/Downloads/codeigniter/app/Models/APIRequest.php(23): App\Models\APIRequest->getData()
#2 /Users/siddharthamishra/Downloads/codeigniter/app/Controllers/Maps.php(27): App\Models\APIRequest->processRequest()
#3 /Users/siddharthamishra/Downloads/codeigniter/system/CodeIgniter.php(914): App\Controllers\Maps->autocomplete('hello', '10', '10')
#4 /Users/siddharthamishra/Downloads/codeigniter/system/CodeIgniter.php(400): CodeIgniter\CodeIgniter->runController(Object(App\Controllers\Maps))
#5 /Users/siddharthamishra/Downloads/codeigniter/system/CodeIgniter.php(308): CodeIgniter\CodeIgniter->handleRequest(NULL, Object(Config\Cache), false)
#6 /Users/siddharthamishra/Downloads/codeigniter/public/index.php(45): CodeIgniter\CodeIgniter->run()
#7 /Users/siddharthamishra/Downloads/codeigniter/system/Commands/Server/rewrite.php(34): require_once('/Users/siddhart...')
#8 {main}
CRITICAL - 2020-05-07 12:36:51 --> Undefined variable: output
#0 /Users/siddharthamishra/Downloads/codeigniter/app/Models/APIRequest.php(90): CodeIgniter\Debug\Exceptions->errorHandler(8, 'Undefined varia...', '/Users/siddhart...', 90, Array)
#1 /Users/siddharthamishra/Downloads/codeigniter/app/Models/APIRequest.php(39): App\Models\APIRequest->get_from_link('https://maps.go...')
#2 /Users/siddharthamishra/Downloads/codeigniter/app/Models/APIRequest.php(23): App\Models\APIRequest->getData()
#3 /Users/siddharthamishra/Downloads/codeigniter/app/Controllers/Maps.php(27): App\Models\APIRequest->processRequest()
#4 /Users/siddharthamishra/Downloads/codeigniter/system/CodeIgniter.php(914): App\Controllers\Maps->autocomplete('hello', '10', '10')
#5 /Users/siddharthamishra/Downloads/codeigniter/system/CodeIgniter.php(400): CodeIgniter\CodeIgniter->runController(Object(App\Controllers\Maps))
#6 /Users/siddharthamishra/Downloads/codeigniter/system/CodeIgniter.php(308): CodeIgniter\CodeIgniter->handleRequest(NULL, Object(Config\Cache), false)
#7 /Users/siddharthamishra/Downloads/codeigniter/public/index.php(45): CodeIgniter\CodeIgniter->run()
#8 /Users/siddharthamishra/Downloads/codeigniter/system/Commands/Server/rewrite.php(34): require_once('/Users/siddhart...')
#9 {main}
CRITICAL - 2020-05-07 12:36:57 --> Invalid argument supplied for foreach()
#0 /Users/siddharthamishra/Downloads/codeigniter/app/Models/APIRequest.php(47): CodeIgniter\Debug\Exceptions->errorHandler(2, 'Invalid argumen...', '/Users/siddhart...', 47, Array)
#1 /Users/siddharthamishra/Downloads/codeigniter/app/Models/APIRequest.php(23): App\Models\APIRequest->getData()
#2 /Users/siddharthamishra/Downloads/codeigniter/app/Controllers/Maps.php(27): App\Models\APIRequest->processRequest()
#3 /Users/siddharthamishra/Downloads/codeigniter/system/CodeIgniter.php(914): App\Controllers\Maps->autocomplete('hello', '10', '10')
#4 /Users/siddharthamishra/Downloads/codeigniter/system/CodeIgniter.php(400): CodeIgniter\CodeIgniter->runController(Object(App\Controllers\Maps))
#5 /Users/siddharthamishra/Downloads/codeigniter/system/CodeIgniter.php(308): CodeIgniter\CodeIgniter->handleRequest(NULL, Object(Config\Cache), false)
#6 /Users/siddharthamishra/Downloads/codeigniter/public/index.php(45): CodeIgniter\CodeIgniter->run()
#7 /Users/siddharthamishra/Downloads/codeigniter/system/Commands/Server/rewrite.php(34): require_once('/Users/siddhart...')
#8 {main}
CRITICAL - 2020-05-07 12:37:10 --> Invalid argument supplied for foreach()
#0 /Users/siddharthamishra/Downloads/codeigniter/app/Models/APIRequest.php(47): CodeIgniter\Debug\Exceptions->errorHandler(2, 'Invalid argumen...', '/Users/siddhart...', 47, Array)
#1 /Users/siddharthamishra/Downloads/codeigniter/app/Models/APIRequest.php(23): App\Models\APIRequest->getData()
#2 /Users/siddharthamishra/Downloads/codeigniter/app/Controllers/Maps.php(27): App\Models\APIRequest->processRequest()
#3 /Users/siddharthamishra/Downloads/codeigniter/system/CodeIgniter.php(914): App\Controllers\Maps->autocomplete('hello', '10', '10')
#4 /Users/siddharthamishra/Downloads/codeigniter/system/CodeIgniter.php(400): CodeIgniter\CodeIgniter->runController(Object(App\Controllers\Maps))
#5 /Users/siddharthamishra/Downloads/codeigniter/system/CodeIgniter.php(308): CodeIgniter\CodeIgniter->handleRequest(NULL, Object(Config\Cache), false)
#6 /Users/siddharthamishra/Downloads/codeigniter/public/index.php(45): CodeIgniter\CodeIgniter->run()
#7 /Users/siddharthamishra/Downloads/codeigniter/system/Commands/Server/rewrite.php(34): require_once('/Users/siddhart...')
#8 {main}
CRITICAL - 2020-05-07 12:37:35 --> curl_setopt(): CURLOPT_SSL_VERIFYHOST no longer accepts the value 1, value 2 will be used instead
#0 [internal function]: CodeIgniter\Debug\Exceptions->errorHandler(8, 'curl_setopt(): ...', '/Users/siddhart...', 87, Array)
#1 /Users/siddharthamishra/Downloads/codeigniter/app/Models/APIRequest.php(87): curl_setopt(Resource id #95, 81, 1)
#2 /Users/siddharthamishra/Downloads/codeigniter/app/Models/APIRequest.php(39): App\Models\APIRequest->get_from_link('https://maps.go...')
#3 /Users/siddharthamishra/Downloads/codeigniter/app/Models/APIRequest.php(23): App\Models\APIRequest->getData()
#4 /Users/siddharthamishra/Downloads/codeigniter/app/Controllers/Maps.php(27): App\Models\APIRequest->processRequest()
#5 /Users/siddharthamishra/Downloads/codeigniter/system/CodeIgniter.php(914): App\Controllers\Maps->autocomplete('hello', '10', '10')
#6 /Users/siddharthamishra/Downloads/codeigniter/system/CodeIgniter.php(400): CodeIgniter\CodeIgniter->runController(Object(App\Controllers\Maps))
#7 /Users/siddharthamishra/Downloads/codeigniter/system/CodeIgniter.php(308): CodeIgniter\CodeIgniter->handleRequest(NULL, Object(Config\Cache), false)
#8 /Users/siddharthamishra/Downloads/codeigniter/public/index.php(45): CodeIgniter\CodeIgniter->run()
#9 /Users/siddharthamishra/Downloads/codeigniter/system/Commands/Server/rewrite.php(34): require_once('/Users/siddhart...')
#10 {main}
CRITICAL - 2020-05-07 12:38:24 --> Invalid argument supplied for foreach()
#0 /Users/siddharthamishra/Downloads/codeigniter/app/Models/APIRequest.php(47): CodeIgniter\Debug\Exceptions->errorHandler(2, 'Invalid argumen...', '/Users/siddhart...', 47, Array)
#1 /Users/siddharthamishra/Downloads/codeigniter/app/Models/APIRequest.php(23): App\Models\APIRequest->getData()
#2 /Users/siddharthamishra/Downloads/codeigniter/app/Controllers/Maps.php(27): App\Models\APIRequest->processRequest()
#3 /Users/siddharthamishra/Downloads/codeigniter/system/CodeIgniter.php(914): App\Controllers\Maps->autocomplete('hello', '10', '10')
#4 /Users/siddharthamishra/Downloads/codeigniter/system/CodeIgniter.php(400): CodeIgniter\CodeIgniter->runController(Object(App\Controllers\Maps))
#5 /Users/siddharthamishra/Downloads/codeigniter/system/CodeIgniter.php(308): CodeIgniter\CodeIgniter->handleRequest(NULL, Object(Config\Cache), false)
#6 /Users/siddharthamishra/Downloads/codeigniter/public/index.php(45): CodeIgniter\CodeIgniter->run()
#7 /Users/siddharthamishra/Downloads/codeigniter/system/Commands/Server/rewrite.php(34): require_once('/Users/siddhart...')
#8 {main}
CRITICAL - 2020-05-07 12:38:36 --> Invalid argument supplied for foreach()
#0 /Users/siddharthamishra/Downloads/codeigniter/app/Models/APIRequest.php(47): CodeIgniter\Debug\Exceptions->errorHandler(2, 'Invalid argumen...', '/Users/siddhart...', 47, Array)
#1 /Users/siddharthamishra/Downloads/codeigniter/app/Models/APIRequest.php(23): App\Models\APIRequest->getData()
#2 /Users/siddharthamishra/Downloads/codeigniter/app/Controllers/Maps.php(27): App\Models\APIRequest->processRequest()
#3 /Users/siddharthamishra/Downloads/codeigniter/system/CodeIgniter.php(914): App\Controllers\Maps->autocomplete('hello', '10', '10')
#4 /Users/siddharthamishra/Downloads/codeigniter/system/CodeIgniter.php(400): CodeIgniter\CodeIgniter->runController(Object(App\Controllers\Maps))
#5 /Users/siddharthamishra/Downloads/codeigniter/system/CodeIgniter.php(308): CodeIgniter\CodeIgniter->handleRequest(NULL, Object(Config\Cache), false)
#6 /Users/siddharthamishra/Downloads/codeigniter/public/index.php(45): CodeIgniter\CodeIgniter->run()
#7 /Users/siddharthamishra/Downloads/codeigniter/system/Commands/Server/rewrite.php(34): require_once('/Users/siddhart...')
#8 {main}
CRITICAL - 2020-05-07 12:38:49 --> Invalid argument supplied for foreach()
#0 /Users/siddharthamishra/Downloads/codeigniter/app/Models/APIRequest.php(47): CodeIgniter\Debug\Exceptions->errorHandler(2, 'Invalid argumen...', '/Users/siddhart...', 47, Array)
#1 /Users/siddharthamishra/Downloads/codeigniter/app/Models/APIRequest.php(23): App\Models\APIRequest->getData()
#2 /Users/siddharthamishra/Downloads/codeigniter/app/Controllers/Maps.php(27): App\Models\APIRequest->processRequest()
#3 /Users/siddharthamishra/Downloads/codeigniter/system/CodeIgniter.php(914): App\Controllers\Maps->autocomplete('hello', '10', '10')
#4 /Users/siddharthamishra/Downloads/codeigniter/system/CodeIgniter.php(400): CodeIgniter\CodeIgniter->runController(Object(App\Controllers\Maps))
#5 /Users/siddharthamishra/Downloads/codeigniter/system/CodeIgniter.php(308): CodeIgniter\CodeIgniter->handleRequest(NULL, Object(Config\Cache), false)
#6 /Users/siddharthamishra/Downloads/codeigniter/public/index.php(45): CodeIgniter\CodeIgniter->run()
#7 /Users/siddharthamishra/Downloads/codeigniter/system/Commands/Server/rewrite.php(34): require_once('/Users/siddhart...')
#8 {main}
CRITICAL - 2020-05-07 12:39:18 --> Invalid argument supplied for foreach()
#0 /Users/siddharthamishra/Downloads/codeigniter/app/Models/APIRequest.php(47): CodeIgniter\Debug\Exceptions->errorHandler(2, 'Invalid argumen...', '/Users/siddhart...', 47, Array)
#1 /Users/siddharthamishra/Downloads/codeigniter/app/Models/APIRequest.php(23): App\Models\APIRequest->getData()
#2 /Users/siddharthamishra/Downloads/codeigniter/app/Controllers/Maps.php(27): App\Models\APIRequest->processRequest()
#3 /Users/siddharthamishra/Downloads/codeigniter/system/CodeIgniter.php(914): App\Controllers\Maps->autocomplete('hello', '10', '10')
#4 /Users/siddharthamishra/Downloads/codeigniter/system/CodeIgniter.php(400): CodeIgniter\CodeIgniter->runController(Object(App\Controllers\Maps))
#5 /Users/siddharthamishra/Downloads/codeigniter/system/CodeIgniter.php(308): CodeIgniter\CodeIgniter->handleRequest(NULL, Object(Config\Cache), false)
#6 /Users/siddharthamishra/Downloads/codeigniter/public/index.php(45): CodeIgniter\CodeIgniter->run()
#7 /Users/siddharthamishra/Downloads/codeigniter/system/Commands/Server/rewrite.php(34): require_once('/Users/siddhart...')
#8 {main}
CRITICAL - 2020-05-07 12:39:24 --> Invalid argument supplied for foreach()
#0 /Users/siddharthamishra/Downloads/codeigniter/app/Models/APIRequest.php(47): CodeIgniter\Debug\Exceptions->errorHandler(2, 'Invalid argumen...', '/Users/siddhart...', 47, Array)
#1 /Users/siddharthamishra/Downloads/codeigniter/app/Models/APIRequest.php(23): App\Models\APIRequest->getData()
#2 /Users/siddharthamishra/Downloads/codeigniter/app/Controllers/Maps.php(27): App\Models\APIRequest->processRequest()
#3 /Users/siddharthamishra/Downloads/codeigniter/system/CodeIgniter.php(914): App\Controllers\Maps->autocomplete('hello', '10', '10')
#4 /Users/siddharthamishra/Downloads/codeigniter/system/CodeIgniter.php(400): CodeIgniter\CodeIgniter->runController(Object(App\Controllers\Maps))
#5 /Users/siddharthamishra/Downloads/codeigniter/system/CodeIgniter.php(308): CodeIgniter\CodeIgniter->handleRequest(NULL, Object(Config\Cache), false)
#6 /Users/siddharthamishra/Downloads/codeigniter/public/index.php(45): CodeIgniter\CodeIgniter->run()
#7 /Users/siddharthamishra/Downloads/codeigniter/system/Commands/Server/rewrite.php(34): require_once('/Users/siddhart...')
#8 {main}
CRITICAL - 2020-05-07 12:40:42 --> Invalid argument supplied for foreach()
#0 /Users/siddharthamishra/Downloads/codeigniter/app/Models/APIRequest.php(47): CodeIgniter\Debug\Exceptions->errorHandler(2, 'Invalid argumen...', '/Users/siddhart...', 47, Array)
#1 /Users/siddharthamishra/Downloads/codeigniter/app/Models/APIRequest.php(23): App\Models\APIRequest->getData()
#2 /Users/siddharthamishra/Downloads/codeigniter/app/Controllers/Maps.php(27): App\Models\APIRequest->processRequest()
#3 /Users/siddharthamishra/Downloads/codeigniter/system/CodeIgniter.php(914): App\Controllers\Maps->autocomplete('hello', '10', '10')
#4 /Users/siddharthamishra/Downloads/codeigniter/system/CodeIgniter.php(400): CodeIgniter\CodeIgniter->runController(Object(App\Controllers\Maps))
#5 /Users/siddharthamishra/Downloads/codeigniter/system/CodeIgniter.php(308): CodeIgniter\CodeIgniter->handleRequest(NULL, Object(Config\Cache), false)
#6 /Users/siddharthamishra/Downloads/codeigniter/public/index.php(45): CodeIgniter\CodeIgniter->run()
#7 /Users/siddharthamishra/Downloads/codeigniter/system/Commands/Server/rewrite.php(34): require_once('/Users/siddhart...')
#8 {main}
CRITICAL - 2020-05-07 12:40:45 --> Invalid argument supplied for foreach()
#0 /Users/siddharthamishra/Downloads/codeigniter/app/Models/APIRequest.php(47): CodeIgniter\Debug\Exceptions->errorHandler(2, 'Invalid argumen...', '/Users/siddhart...', 47, Array)
#1 /Users/siddharthamishra/Downloads/codeigniter/app/Models/APIRequest.php(23): App\Models\APIRequest->getData()
#2 /Users/siddharthamishra/Downloads/codeigniter/app/Controllers/Maps.php(27): App\Models\APIRequest->processRequest()
#3 /Users/siddharthamishra/Downloads/codeigniter/system/CodeIgniter.php(914): App\Controllers\Maps->autocomplete('hello', '10', '10')
#4 /Users/siddharthamishra/Downloads/codeigniter/system/CodeIgniter.php(400): CodeIgniter\CodeIgniter->runController(Object(App\Controllers\Maps))
#5 /Users/siddharthamishra/Downloads/codeigniter/system/CodeIgniter.php(308): CodeIgniter\CodeIgniter->handleRequest(NULL, Object(Config\Cache), false)
#6 /Users/siddharthamishra/Downloads/codeigniter/public/index.php(45): CodeIgniter\CodeIgniter->run()
#7 /Users/siddharthamishra/Downloads/codeigniter/system/Commands/Server/rewrite.php(34): require_once('/Users/siddhart...')
#8 {main}
CRITICAL - 2020-05-07 12:40:46 --> Invalid argument supplied for foreach()
#0 /Users/siddharthamishra/Downloads/codeigniter/app/Models/APIRequest.php(47): CodeIgniter\Debug\Exceptions->errorHandler(2, 'Invalid argumen...', '/Users/siddhart...', 47, Array)
#1 /Users/siddharthamishra/Downloads/codeigniter/app/Models/APIRequest.php(23): App\Models\APIRequest->getData()
#2 /Users/siddharthamishra/Downloads/codeigniter/app/Controllers/Maps.php(27): App\Models\APIRequest->processRequest()
#3 /Users/siddharthamishra/Downloads/codeigniter/system/CodeIgniter.php(914): App\Controllers\Maps->autocomplete('hello', '10', '10')
#4 /Users/siddharthamishra/Downloads/codeigniter/system/CodeIgniter.php(400): CodeIgniter\CodeIgniter->runController(Object(App\Controllers\Maps))
#5 /Users/siddharthamishra/Downloads/codeigniter/system/CodeIgniter.php(308): CodeIgniter\CodeIgniter->handleRequest(NULL, Object(Config\Cache), false)
#6 /Users/siddharthamishra/Downloads/codeigniter/public/index.php(45): CodeIgniter\CodeIgniter->run()
#7 /Users/siddharthamishra/Downloads/codeigniter/system/Commands/Server/rewrite.php(34): require_once('/Users/siddhart...')
#8 {main}
CRITICAL - 2020-05-07 12:41:21 --> Invalid argument supplied for foreach()
#0 /Users/siddharthamishra/Downloads/codeigniter/app/Models/APIRequest.php(47): CodeIgniter\Debug\Exceptions->errorHandler(2, 'Invalid argumen...', '/Users/siddhart...', 47, Array)
#1 /Users/siddharthamishra/Downloads/codeigniter/app/Models/APIRequest.php(23): App\Models\APIRequest->getData()
#2 /Users/siddharthamishra/Downloads/codeigniter/app/Controllers/Maps.php(27): App\Models\APIRequest->processRequest()
#3 /Users/siddharthamishra/Downloads/codeigniter/system/CodeIgniter.php(914): App\Controllers\Maps->autocomplete('hello', '10', '10')
#4 /Users/siddharthamishra/Downloads/codeigniter/system/CodeIgniter.php(400): CodeIgniter\CodeIgniter->runController(Object(App\Controllers\Maps))
#5 /Users/siddharthamishra/Downloads/codeigniter/system/CodeIgniter.php(308): CodeIgniter\CodeIgniter->handleRequest(NULL, Object(Config\Cache), false)
#6 /Users/siddharthamishra/Downloads/codeigniter/public/index.php(45): CodeIgniter\CodeIgniter->run()
#7 /Users/siddharthamishra/Downloads/codeigniter/system/Commands/Server/rewrite.php(34): require_once('/Users/siddhart...')
#8 {main}
CRITICAL - 2020-05-07 12:41:22 --> Invalid argument supplied for foreach()
#0 /Users/siddharthamishra/Downloads/codeigniter/app/Models/APIRequest.php(47): CodeIgniter\Debug\Exceptions->errorHandler(2, 'Invalid argumen...', '/Users/siddhart...', 47, Array)
#1 /Users/siddharthamishra/Downloads/codeigniter/app/Models/APIRequest.php(23): App\Models\APIRequest->getData()
#2 /Users/siddharthamishra/Downloads/codeigniter/app/Controllers/Maps.php(27): App\Models\APIRequest->processRequest()
#3 /Users/siddharthamishra/Downloads/codeigniter/system/CodeIgniter.php(914): App\Controllers\Maps->autocomplete('hello', '10', '10')
#4 /Users/siddharthamishra/Downloads/codeigniter/system/CodeIgniter.php(400): CodeIgniter\CodeIgniter->runController(Object(App\Controllers\Maps))
#5 /Users/siddharthamishra/Downloads/codeigniter/system/CodeIgniter.php(308): CodeIgniter\CodeIgniter->handleRequest(NULL, Object(Config\Cache), false)
#6 /Users/siddharthamishra/Downloads/codeigniter/public/index.php(45): CodeIgniter\CodeIgniter->run()
#7 /Users/siddharthamishra/Downloads/codeigniter/system/Commands/Server/rewrite.php(34): require_once('/Users/siddhart...')
#8 {main}
CRITICAL - 2020-05-07 12:43:32 --> Invalid argument supplied for foreach()
#0 /Users/siddharthamishra/Downloads/codeigniter/app/Models/APIRequest.php(47): CodeIgniter\Debug\Exceptions->errorHandler(2, 'Invalid argumen...', '/Users/siddhart...', 47, Array)
#1 /Users/siddharthamishra/Downloads/codeigniter/app/Models/APIRequest.php(23): App\Models\APIRequest->getData()
#2 /Users/siddharthamishra/Downloads/codeigniter/app/Controllers/Maps.php(27): App\Models\APIRequest->processRequest()
#3 /Users/siddharthamishra/Downloads/codeigniter/system/CodeIgniter.php(914): App\Controllers\Maps->autocomplete('hello', '10', '10')
#4 /Users/siddharthamishra/Downloads/codeigniter/system/CodeIgniter.php(400): CodeIgniter\CodeIgniter->runController(Object(App\Controllers\Maps))
#5 /Users/siddharthamishra/Downloads/codeigniter/system/CodeIgniter.php(308): CodeIgniter\CodeIgniter->handleRequest(NULL, Object(Config\Cache), false)
#6 /Users/siddharthamishra/Downloads/codeigniter/public/index.php(45): CodeIgniter\CodeIgniter->run()
#7 /Users/siddharthamishra/Downloads/codeigniter/system/Commands/Server/rewrite.php(34): require_once('/Users/siddhart...')
#8 {main}
CRITICAL - 2020-05-07 12:44:02 --> Invalid argument supplied for foreach()
#0 /Users/siddharthamishra/Downloads/codeigniter/app/Models/APIRequest.php(47): CodeIgniter\Debug\Exceptions->errorHandler(2, 'Invalid argumen...', '/Users/siddhart...', 47, Array)
#1 /Users/siddharthamishra/Downloads/codeigniter/app/Models/APIRequest.php(23): App\Models\APIRequest->getData()
#2 /Users/siddharthamishra/Downloads/codeigniter/app/Controllers/Maps.php(27): App\Models\APIRequest->processRequest()
#3 /Users/siddharthamishra/Downloads/codeigniter/system/CodeIgniter.php(914): App\Controllers\Maps->autocomplete('hello', '10', '10')
#4 /Users/siddharthamishra/Downloads/codeigniter/system/CodeIgniter.php(400): CodeIgniter\CodeIgniter->runController(Object(App\Controllers\Maps))
#5 /Users/siddharthamishra/Downloads/codeigniter/system/CodeIgniter.php(308): CodeIgniter\CodeIgniter->handleRequest(NULL, Object(Config\Cache), false)
#6 /Users/siddharthamishra/Downloads/codeigniter/public/index.php(45): CodeIgniter\CodeIgniter->run()
#7 /Users/siddharthamishra/Downloads/codeigniter/system/Commands/Server/rewrite.php(34): require_once('/Users/siddhart...')
#8 {main}
CRITICAL - 2020-05-07 12:44:04 --> Invalid argument supplied for foreach()
#0 /Users/siddharthamishra/Downloads/codeigniter/app/Models/APIRequest.php(47): CodeIgniter\Debug\Exceptions->errorHandler(2, 'Invalid argumen...', '/Users/siddhart...', 47, Array)
#1 /Users/siddharthamishra/Downloads/codeigniter/app/Models/APIRequest.php(23): App\Models\APIRequest->getData()
#2 /Users/siddharthamishra/Downloads/codeigniter/app/Controllers/Maps.php(27): App\Models\APIRequest->processRequest()
#3 /Users/siddharthamishra/Downloads/codeigniter/system/CodeIgniter.php(914): App\Controllers\Maps->autocomplete('hello', '10', '10')
#4 /Users/siddharthamishra/Downloads/codeigniter/system/CodeIgniter.php(400): CodeIgniter\CodeIgniter->runController(Object(App\Controllers\Maps))
#5 /Users/siddharthamishra/Downloads/codeigniter/system/CodeIgniter.php(308): CodeIgniter\CodeIgniter->handleRequest(NULL, Object(Config\Cache), false)
#6 /Users/siddharthamishra/Downloads/codeigniter/public/index.php(45): CodeIgniter\CodeIgniter->run()
#7 /Users/siddharthamishra/Downloads/codeigniter/system/Commands/Server/rewrite.php(34): require_once('/Users/siddhart...')
#8 {main}
CRITICAL - 2020-05-07 12:44:34 --> Invalid argument supplied for foreach()
#0 /Users/siddharthamishra/Downloads/codeigniter/app/Models/APIRequest.php(47): CodeIgniter\Debug\Exceptions->errorHandler(2, 'Invalid argumen...', '/Users/siddhart...', 47, Array)
#1 /Users/siddharthamishra/Downloads/codeigniter/app/Models/APIRequest.php(23): App\Models\APIRequest->getData()
#2 /Users/siddharthamishra/Downloads/codeigniter/app/Controllers/Maps.php(27): App\Models\APIRequest->processRequest()
#3 /Users/siddharthamishra/Downloads/codeigniter/system/CodeIgniter.php(914): App\Controllers\Maps->autocomplete('hello', '10', '10')
#4 /Users/siddharthamishra/Downloads/codeigniter/system/CodeIgniter.php(400): CodeIgniter\CodeIgniter->runController(Object(App\Controllers\Maps))
#5 /Users/siddharthamishra/Downloads/codeigniter/system/CodeIgniter.php(308): CodeIgniter\CodeIgniter->handleRequest(NULL, Object(Config\Cache), false)
#6 /Users/siddharthamishra/Downloads/codeigniter/public/index.php(45): CodeIgniter\CodeIgniter->run()
#7 /Users/siddharthamishra/Downloads/codeigniter/system/Commands/Server/rewrite.php(34): require_once('/Users/siddhart...')
#8 {main}
CRITICAL - 2020-05-07 12:44:35 --> Invalid argument supplied for foreach()
#0 /Users/siddharthamishra/Downloads/codeigniter/app/Models/APIRequest.php(47): CodeIgniter\Debug\Exceptions->errorHandler(2, 'Invalid argumen...', '/Users/siddhart...', 47, Array)
#1 /Users/siddharthamishra/Downloads/codeigniter/app/Models/APIRequest.php(23): App\Models\APIRequest->getData()
#2 /Users/siddharthamishra/Downloads/codeigniter/app/Controllers/Maps.php(27): App\Models\APIRequest->processRequest()
#3 /Users/siddharthamishra/Downloads/codeigniter/system/CodeIgniter.php(914): App\Controllers\Maps->autocomplete('hello', '10', '10')
#4 /Users/siddharthamishra/Downloads/codeigniter/system/CodeIgniter.php(400): CodeIgniter\CodeIgniter->runController(Object(App\Controllers\Maps))
#5 /Users/siddharthamishra/Downloads/codeigniter/system/CodeIgniter.php(308): CodeIgniter\CodeIgniter->handleRequest(NULL, Object(Config\Cache), false)
#6 /Users/siddharthamishra/Downloads/codeigniter/public/index.php(45): CodeIgniter\CodeIgniter->run()
#7 /Users/siddharthamishra/Downloads/codeigniter/system/Commands/Server/rewrite.php(34): require_once('/Users/siddhart...')
#8 {main}
CRITICAL - 2020-05-07 12:44:40 --> Invalid argument supplied for foreach()
#0 /Users/siddharthamishra/Downloads/codeigniter/app/Models/APIRequest.php(47): CodeIgniter\Debug\Exceptions->errorHandler(2, 'Invalid argumen...', '/Users/siddhart...', 47, Array)
#1 /Users/siddharthamishra/Downloads/codeigniter/app/Models/APIRequest.php(23): App\Models\APIRequest->getData()
#2 /Users/siddharthamishra/Downloads/codeigniter/app/Controllers/Maps.php(27): App\Models\APIRequest->processRequest()
#3 /Users/siddharthamishra/Downloads/codeigniter/system/CodeIgniter.php(914): App\Controllers\Maps->autocomplete('bye', '10', '10')
#4 /Users/siddharthamishra/Downloads/codeigniter/system/CodeIgniter.php(400): CodeIgniter\CodeIgniter->runController(Object(App\Controllers\Maps))
#5 /Users/siddharthamishra/Downloads/codeigniter/system/CodeIgniter.php(308): CodeIgniter\CodeIgniter->handleRequest(NULL, Object(Config\Cache), false)
#6 /Users/siddharthamishra/Downloads/codeigniter/public/index.php(45): CodeIgniter\CodeIgniter->run()
#7 /Users/siddharthamishra/Downloads/codeigniter/system/Commands/Server/rewrite.php(34): require_once('/Users/siddhart...')
#8 {main}
CRITICAL - 2020-05-07 12:45:18 --> Invalid argument supplied for foreach()
#0 /Users/siddharthamishra/Downloads/codeigniter/app/Models/APIRequest.php(47): CodeIgniter\Debug\Exceptions->errorHandler(2, 'Invalid argumen...', '/Users/siddhart...', 47, Array)
#1 /Users/siddharthamishra/Downloads/codeigniter/app/Models/APIRequest.php(23): App\Models\APIRequest->getData()
#2 /Users/siddharthamishra/Downloads/codeigniter/app/Controllers/Maps.php(27): App\Models\APIRequest->processRequest()
#3 /Users/siddharthamishra/Downloads/codeigniter/system/CodeIgniter.php(914): App\Controllers\Maps->autocomplete('bye', '10', '10')
#4 /Users/siddharthamishra/Downloads/codeigniter/system/CodeIgniter.php(400): CodeIgniter\CodeIgniter->runController(Object(App\Controllers\Maps))
#5 /Users/siddharthamishra/Downloads/codeigniter/system/CodeIgniter.php(308): CodeIgniter\CodeIgniter->handleRequest(NULL, Object(Config\Cache), false)
#6 /Users/siddharthamishra/Downloads/codeigniter/public/index.php(45): CodeIgniter\CodeIgniter->run()
#7 /Users/siddharthamishra/Downloads/codeigniter/system/Commands/Server/rewrite.php(34): require_once('/Users/siddhart...')
#8 {main}
CRITICAL - 2020-05-07 12:45:20 --> Invalid argument supplied for foreach()
#0 /Users/siddharthamishra/Downloads/codeigniter/app/Models/APIRequest.php(47): CodeIgniter\Debug\Exceptions->errorHandler(2, 'Invalid argumen...', '/Users/siddhart...', 47, Array)
#1 /Users/siddharthamishra/Downloads/codeigniter/app/Models/APIRequest.php(23): App\Models\APIRequest->getData()
#2 /Users/siddharthamishra/Downloads/codeigniter/app/Controllers/Maps.php(27): App\Models\APIRequest->processRequest()
#3 /Users/siddharthamishra/Downloads/codeigniter/system/CodeIgniter.php(914): App\Controllers\Maps->autocomplete('bye', '10', '10')
#4 /Users/siddharthamishra/Downloads/codeigniter/system/CodeIgniter.php(400): CodeIgniter\CodeIgniter->runController(Object(App\Controllers\Maps))
#5 /Users/siddharthamishra/Downloads/codeigniter/system/CodeIgniter.php(308): CodeIgniter\CodeIgniter->handleRequest(NULL, Object(Config\Cache), false)
#6 /Users/siddharthamishra/Downloads/codeigniter/public/index.php(45): CodeIgniter\CodeIgniter->run()
#7 /Users/siddharthamishra/Downloads/codeigniter/system/Commands/Server/rewrite.php(34): require_once('/Users/siddhart...')
#8 {main}
CRITICAL - 2020-05-07 12:45:40 --> Invalid argument supplied for foreach()
#0 /Users/siddharthamishra/Downloads/codeigniter/app/Models/APIRequest.php(47): CodeIgniter\Debug\Exceptions->errorHandler(2, 'Invalid argumen...', '/Users/siddhart...', 47, Array)
#1 /Users/siddharthamishra/Downloads/codeigniter/app/Models/APIRequest.php(23): App\Models\APIRequest->getData()
#2 /Users/siddharthamishra/Downloads/codeigniter/app/Controllers/Maps.php(27): App\Models\APIRequest->processRequest()
#3 /Users/siddharthamishra/Downloads/codeigniter/system/CodeIgniter.php(914): App\Controllers\Maps->autocomplete('bye', '10', '10')
#4 /Users/siddharthamishra/Downloads/codeigniter/system/CodeIgniter.php(400): CodeIgniter\CodeIgniter->runController(Object(App\Controllers\Maps))
#5 /Users/siddharthamishra/Downloads/codeigniter/system/CodeIgniter.php(308): CodeIgniter\CodeIgniter->handleRequest(NULL, Object(Config\Cache), false)
#6 /Users/siddharthamishra/Downloads/codeigniter/public/index.php(45): CodeIgniter\CodeIgniter->run()
#7 /Users/siddharthamishra/Downloads/codeigniter/system/Commands/Server/rewrite.php(34): require_once('/Users/siddhart...')
#8 {main}
CRITICAL - 2020-05-07 12:45:42 --> Invalid argument supplied for foreach()
#0 /Users/siddharthamishra/Downloads/codeigniter/app/Models/APIRequest.php(47): CodeIgniter\Debug\Exceptions->errorHandler(2, 'Invalid argumen...', '/Users/siddhart...', 47, Array)
#1 /Users/siddharthamishra/Downloads/codeigniter/app/Models/APIRequest.php(23): App\Models\APIRequest->getData()
#2 /Users/siddharthamishra/Downloads/codeigniter/app/Controllers/Maps.php(27): App\Models\APIRequest->processRequest()
#3 /Users/siddharthamishra/Downloads/codeigniter/system/CodeIgniter.php(914): App\Controllers\Maps->autocomplete('bye', '10', '10')
#4 /Users/siddharthamishra/Downloads/codeigniter/system/CodeIgniter.php(400): CodeIgniter\CodeIgniter->runController(Object(App\Controllers\Maps))
#5 /Users/siddharthamishra/Downloads/codeigniter/system/CodeIgniter.php(308): CodeIgniter\CodeIgniter->handleRequest(NULL, Object(Config\Cache), false)
#6 /Users/siddharthamishra/Downloads/codeigniter/public/index.php(45): CodeIgniter\CodeIgniter->run()
#7 /Users/siddharthamishra/Downloads/codeigniter/system/Commands/Server/rewrite.php(34): require_once('/Users/siddhart...')
#8 {main}
CRITICAL - 2020-05-07 12:45:42 --> Invalid argument supplied for foreach()
#0 /Users/siddharthamishra/Downloads/codeigniter/app/Models/APIRequest.php(47): CodeIgniter\Debug\Exceptions->errorHandler(2, 'Invalid argumen...', '/Users/siddhart...', 47, Array)
#1 /Users/siddharthamishra/Downloads/codeigniter/app/Models/APIRequest.php(23): App\Models\APIRequest->getData()
#2 /Users/siddharthamishra/Downloads/codeigniter/app/Controllers/Maps.php(27): App\Models\APIRequest->processRequest()
#3 /Users/siddharthamishra/Downloads/codeigniter/system/CodeIgniter.php(914): App\Controllers\Maps->autocomplete('bye', '10', '10')
#4 /Users/siddharthamishra/Downloads/codeigniter/system/CodeIgniter.php(400): CodeIgniter\CodeIgniter->runController(Object(App\Controllers\Maps))
#5 /Users/siddharthamishra/Downloads/codeigniter/system/CodeIgniter.php(308): CodeIgniter\CodeIgniter->handleRequest(NULL, Object(Config\Cache), false)
#6 /Users/siddharthamishra/Downloads/codeigniter/public/index.php(45): CodeIgniter\CodeIgniter->run()
#7 /Users/siddharthamishra/Downloads/codeigniter/system/Commands/Server/rewrite.php(34): require_once('/Users/siddhart...')
#8 {main}
CRITICAL - 2020-05-07 12:45:57 --> Invalid argument supplied for foreach()
#0 /Users/siddharthamishra/Downloads/codeigniter/app/Models/APIRequest.php(47): CodeIgniter\Debug\Exceptions->errorHandler(2, 'Invalid argumen...', '/Users/siddhart...', 47, Array)
#1 /Users/siddharthamishra/Downloads/codeigniter/app/Models/APIRequest.php(23): App\Models\APIRequest->getData()
#2 /Users/siddharthamishra/Downloads/codeigniter/app/Controllers/Maps.php(27): App\Models\APIRequest->processRequest()
#3 /Users/siddharthamishra/Downloads/codeigniter/system/CodeIgniter.php(914): App\Controllers\Maps->autocomplete('bye', '10', '10')
#4 /Users/siddharthamishra/Downloads/codeigniter/system/CodeIgniter.php(400): CodeIgniter\CodeIgniter->runController(Object(App\Controllers\Maps))
#5 /Users/siddharthamishra/Downloads/codeigniter/system/CodeIgniter.php(308): CodeIgniter\CodeIgniter->handleRequest(NULL, Object(Config\Cache), false)
#6 /Users/siddharthamishra/Downloads/codeigniter/public/index.php(45): CodeIgniter\CodeIgniter->run()
#7 /Users/siddharthamishra/Downloads/codeigniter/system/Commands/Server/rewrite.php(34): require_once('/Users/siddhart...')
#8 {main}
CRITICAL - 2020-05-07 12:46:02 --> Invalid argument supplied for foreach()
#0 /Users/siddharthamishra/Downloads/codeigniter/app/Models/APIRequest.php(47): CodeIgniter\Debug\Exceptions->errorHandler(2, 'Invalid argumen...', '/Users/siddhart...', 47, Array)
#1 /Users/siddharthamishra/Downloads/codeigniter/app/Models/APIRequest.php(23): App\Models\APIRequest->getData()
#2 /Users/siddharthamishra/Downloads/codeigniter/app/Controllers/Maps.php(27): App\Models\APIRequest->processRequest()
#3 /Users/siddharthamishra/Downloads/codeigniter/system/CodeIgniter.php(914): App\Controllers\Maps->autocomplete('bye', '10', '10')
#4 /Users/siddharthamishra/Downloads/codeigniter/system/CodeIgniter.php(400): CodeIgniter\CodeIgniter->runController(Object(App\Controllers\Maps))
#5 /Users/siddharthamishra/Downloads/codeigniter/system/CodeIgniter.php(308): CodeIgniter\CodeIgniter->handleRequest(NULL, Object(Config\Cache), false)
#6 /Users/siddharthamishra/Downloads/codeigniter/public/index.php(45): CodeIgniter\CodeIgniter->run()
#7 /Users/siddharthamishra/Downloads/codeigniter/system/Commands/Server/rewrite.php(34): require_once('/Users/siddhart...')
#8 {main}
CRITICAL - 2020-05-07 12:46:04 --> Invalid argument supplied for foreach()
#0 /Users/siddharthamishra/Downloads/codeigniter/app/Models/APIRequest.php(47): CodeIgniter\Debug\Exceptions->errorHandler(2, 'Invalid argumen...', '/Users/siddhart...', 47, Array)
#1 /Users/siddharthamishra/Downloads/codeigniter/app/Models/APIRequest.php(23): App\Models\APIRequest->getData()
#2 /Users/siddharthamishra/Downloads/codeigniter/app/Controllers/Maps.php(27): App\Models\APIRequest->processRequest()
#3 /Users/siddharthamishra/Downloads/codeigniter/system/CodeIgniter.php(914): App\Controllers\Maps->autocomplete('bye', '10', '10')
#4 /Users/siddharthamishra/Downloads/codeigniter/system/CodeIgniter.php(400): CodeIgniter\CodeIgniter->runController(Object(App\Controllers\Maps))
#5 /Users/siddharthamishra/Downloads/codeigniter/system/CodeIgniter.php(308): CodeIgniter\CodeIgniter->handleRequest(NULL, Object(Config\Cache), false)
#6 /Users/siddharthamishra/Downloads/codeigniter/public/index.php(45): CodeIgniter\CodeIgniter->run()
#7 /Users/siddharthamishra/Downloads/codeigniter/system/Commands/Server/rewrite.php(34): require_once('/Users/siddhart...')
#8 {main}
CRITICAL - 2020-05-07 12:46:17 --> Invalid argument supplied for foreach()
#0 /Users/siddharthamishra/Downloads/codeigniter/app/Models/APIRequest.php(47): CodeIgniter\Debug\Exceptions->errorHandler(2, 'Invalid argumen...', '/Users/siddhart...', 47, Array)
#1 /Users/siddharthamishra/Downloads/codeigniter/app/Models/APIRequest.php(23): App\Models\APIRequest->getData()
#2 /Users/siddharthamishra/Downloads/codeigniter/app/Controllers/Maps.php(27): App\Models\APIRequest->processRequest()
#3 /Users/siddharthamishra/Downloads/codeigniter/system/CodeIgniter.php(914): App\Controllers\Maps->autocomplete('bye', '10', '10')
#4 /Users/siddharthamishra/Downloads/codeigniter/system/CodeIgniter.php(400): CodeIgniter\CodeIgniter->runController(Object(App\Controllers\Maps))
#5 /Users/siddharthamishra/Downloads/codeigniter/system/CodeIgniter.php(308): CodeIgniter\CodeIgniter->handleRequest(NULL, Object(Config\Cache), false)
#6 /Users/siddharthamishra/Downloads/codeigniter/public/index.php(45): CodeIgniter\CodeIgniter->run()
#7 /Users/siddharthamishra/Downloads/codeigniter/system/Commands/Server/rewrite.php(34): require_once('/Users/siddhart...')
#8 {main}
CRITICAL - 2020-05-07 12:46:34 --> Invalid argument supplied for foreach()
#0 /Users/siddharthamishra/Downloads/codeigniter/app/Models/APIRequest.php(48): CodeIgniter\Debug\Exceptions->errorHandler(2, 'Invalid argumen...', '/Users/siddhart...', 48, Array)
#1 /Users/siddharthamishra/Downloads/codeigniter/app/Models/APIRequest.php(23): App\Models\APIRequest->getData()
#2 /Users/siddharthamishra/Downloads/codeigniter/app/Controllers/Maps.php(27): App\Models\APIRequest->processRequest()
#3 /Users/siddharthamishra/Downloads/codeigniter/system/CodeIgniter.php(914): App\Controllers\Maps->autocomplete('bye', '10', '10')
#4 /Users/siddharthamishra/Downloads/codeigniter/system/CodeIgniter.php(400): CodeIgniter\CodeIgniter->runController(Object(App\Controllers\Maps))
#5 /Users/siddharthamishra/Downloads/codeigniter/system/CodeIgniter.php(308): CodeIgniter\CodeIgniter->handleRequest(NULL, Object(Config\Cache), false)
#6 /Users/siddharthamishra/Downloads/codeigniter/public/index.php(45): CodeIgniter\CodeIgniter->run()
#7 /Users/siddharthamishra/Downloads/codeigniter/system/Commands/Server/rewrite.php(34): require_once('/Users/siddhart...')
#8 {main}
CRITICAL - 2020-05-07 12:46:55 --> Invalid argument supplied for foreach()
#0 /Users/siddharthamishra/Downloads/codeigniter/app/Models/APIRequest.php(48): CodeIgniter\Debug\Exceptions->errorHandler(2, 'Invalid argumen...', '/Users/siddhart...', 48, Array)
#1 /Users/siddharthamishra/Downloads/codeigniter/app/Models/APIRequest.php(23): App\Models\APIRequest->getData()
#2 /Users/siddharthamishra/Downloads/codeigniter/app/Controllers/Maps.php(27): App\Models\APIRequest->processRequest()
#3 /Users/siddharthamishra/Downloads/codeigniter/system/CodeIgniter.php(914): App\Controllers\Maps->autocomplete('bye', '10', '10')
#4 /Users/siddharthamishra/Downloads/codeigniter/system/CodeIgniter.php(400): CodeIgniter\CodeIgniter->runController(Object(App\Controllers\Maps))
#5 /Users/siddharthamishra/Downloads/codeigniter/system/CodeIgniter.php(308): CodeIgniter\CodeIgniter->handleRequest(NULL, Object(Config\Cache), false)
#6 /Users/siddharthamishra/Downloads/codeigniter/public/index.php(45): CodeIgniter\CodeIgniter->run()
#7 /Users/siddharthamishra/Downloads/codeigniter/system/Commands/Server/rewrite.php(34): require_once('/Users/siddhart...')
#8 {main}
CRITICAL - 2020-05-07 12:47:06 --> Invalid argument supplied for foreach()
#0 /Users/siddharthamishra/Downloads/codeigniter/app/Models/APIRequest.php(48): CodeIgniter\Debug\Exceptions->errorHandler(2, 'Invalid argumen...', '/Users/siddhart...', 48, Array)
#1 /Users/siddharthamishra/Downloads/codeigniter/app/Models/APIRequest.php(23): App\Models\APIRequest->getData()
#2 /Users/siddharthamishra/Downloads/codeigniter/app/Controllers/Maps.php(27): App\Models\APIRequest->processRequest()
#3 /Users/siddharthamishra/Downloads/codeigniter/system/CodeIgniter.php(914): App\Controllers\Maps->autocomplete('bye', '10', '10')
#4 /Users/siddharthamishra/Downloads/codeigniter/system/CodeIgniter.php(400): CodeIgniter\CodeIgniter->runController(Object(App\Controllers\Maps))
#5 /Users/siddharthamishra/Downloads/codeigniter/system/CodeIgniter.php(308): CodeIgniter\CodeIgniter->handleRequest(NULL, Object(Config\Cache), false)
#6 /Users/siddharthamishra/Downloads/codeigniter/public/index.php(45): CodeIgniter\CodeIgniter->run()
#7 /Users/siddharthamishra/Downloads/codeigniter/system/Commands/Server/rewrite.php(34): require_once('/Users/siddhart...')
#8 {main}
CRITICAL - 2020-05-07 12:47:22 --> Invalid argument supplied for foreach()
#0 /Users/siddharthamishra/Downloads/codeigniter/app/Models/APIRequest.php(48): CodeIgniter\Debug\Exceptions->errorHandler(2, 'Invalid argumen...', '/Users/siddhart...', 48, Array)
#1 /Users/siddharthamishra/Downloads/codeigniter/app/Models/APIRequest.php(23): App\Models\APIRequest->getData()
#2 /Users/siddharthamishra/Downloads/codeigniter/app/Controllers/Maps.php(27): App\Models\APIRequest->processRequest()
#3 /Users/siddharthamishra/Downloads/codeigniter/system/CodeIgniter.php(914): App\Controllers\Maps->autocomplete('bye', '10', '10')
#4 /Users/siddharthamishra/Downloads/codeigniter/system/CodeIgniter.php(400): CodeIgniter\CodeIgniter->runController(Object(App\Controllers\Maps))
#5 /Users/siddharthamishra/Downloads/codeigniter/system/CodeIgniter.php(308): CodeIgniter\CodeIgniter->handleRequest(NULL, Object(Config\Cache), false)
#6 /Users/siddharthamishra/Downloads/codeigniter/public/index.php(45): CodeIgniter\CodeIgniter->run()
#7 /Users/siddharthamishra/Downloads/codeigniter/system/Commands/Server/rewrite.php(34): require_once('/Users/siddhart...')
#8 {main}
CRITICAL - 2020-05-07 12:47:31 --> Undefined variable: output
#0 /Users/siddharthamishra/Downloads/codeigniter/app/Models/APIRequest.php(98): CodeIgniter\Debug\Exceptions->errorHandler(8, 'Undefined varia...', '/Users/siddhart...', 98, Array)
#1 /Users/siddharthamishra/Downloads/codeigniter/app/Models/APIRequest.php(40): App\Models\APIRequest->get_from_link('https://maps.go...')
#2 /Users/siddharthamishra/Downloads/codeigniter/app/Models/APIRequest.php(23): App\Models\APIRequest->getData()
#3 /Users/siddharthamishra/Downloads/codeigniter/app/Controllers/Maps.php(27): App\Models\APIRequest->processRequest()
#4 /Users/siddharthamishra/Downloads/codeigniter/system/CodeIgniter.php(914): App\Controllers\Maps->autocomplete('bye', '10', '10')
#5 /Users/siddharthamishra/Downloads/codeigniter/system/CodeIgniter.php(400): CodeIgniter\CodeIgniter->runController(Object(App\Controllers\Maps))
#6 /Users/siddharthamishra/Downloads/codeigniter/system/CodeIgniter.php(308): CodeIgniter\CodeIgniter->handleRequest(NULL, Object(Config\Cache), false)
#7 /Users/siddharthamishra/Downloads/codeigniter/public/index.php(45): CodeIgniter\CodeIgniter->run()
#8 /Users/siddharthamishra/Downloads/codeigniter/system/Commands/Server/rewrite.php(34): require_once('/Users/siddhart...')
#9 {main}
CRITICAL - 2020-05-07 12:47:42 --> Invalid argument supplied for foreach()
#0 /Users/siddharthamishra/Downloads/codeigniter/app/Models/APIRequest.php(48): CodeIgniter\Debug\Exceptions->errorHandler(2, 'Invalid argumen...', '/Users/siddhart...', 48, Array)
#1 /Users/siddharthamishra/Downloads/codeigniter/app/Models/APIRequest.php(23): App\Models\APIRequest->getData()
#2 /Users/siddharthamishra/Downloads/codeigniter/app/Controllers/Maps.php(27): App\Models\APIRequest->processRequest()
#3 /Users/siddharthamishra/Downloads/codeigniter/system/CodeIgniter.php(914): App\Controllers\Maps->autocomplete('bye', '10', '10')
#4 /Users/siddharthamishra/Downloads/codeigniter/system/CodeIgniter.php(400): CodeIgniter\CodeIgniter->runController(Object(App\Controllers\Maps))
#5 /Users/siddharthamishra/Downloads/codeigniter/system/CodeIgniter.php(308): CodeIgniter\CodeIgniter->handleRequest(NULL, Object(Config\Cache), false)
#6 /Users/siddharthamishra/Downloads/codeigniter/public/index.php(45): CodeIgniter\CodeIgniter->run()
#7 /Users/siddharthamishra/Downloads/codeigniter/system/Commands/Server/rewrite.php(34): require_once('/Users/siddhart...')
#8 {main}
CRITICAL - 2020-05-07 12:48:24 --> Invalid argument supplied for foreach()
#0 /Users/siddharthamishra/Downloads/codeigniter/app/Models/APIRequest.php(48): CodeIgniter\Debug\Exceptions->errorHandler(2, 'Invalid argumen...', '/Users/siddhart...', 48, Array)
#1 /Users/siddharthamishra/Downloads/codeigniter/app/Models/APIRequest.php(23): App\Models\APIRequest->getData()
#2 /Users/siddharthamishra/Downloads/codeigniter/app/Controllers/Maps.php(27): App\Models\APIRequest->processRequest()
#3 /Users/siddharthamishra/Downloads/codeigniter/system/CodeIgniter.php(914): App\Controllers\Maps->autocomplete('bye', '10', '10')
#4 /Users/siddharthamishra/Downloads/codeigniter/system/CodeIgniter.php(400): CodeIgniter\CodeIgniter->runController(Object(App\Controllers\Maps))
#5 /Users/siddharthamishra/Downloads/codeigniter/system/CodeIgniter.php(308): CodeIgniter\CodeIgniter->handleRequest(NULL, Object(Config\Cache), false)
#6 /Users/siddharthamishra/Downloads/codeigniter/public/index.php(45): CodeIgniter\CodeIgniter->run()
#7 /Users/siddharthamishra/Downloads/codeigniter/system/Commands/Server/rewrite.php(34): require_once('/Users/siddhart...')
#8 {main}
CRITICAL - 2020-05-07 12:48:27 --> Invalid argument supplied for foreach()
#0 /Users/siddharthamishra/Downloads/codeigniter/app/Models/APIRequest.php(48): CodeIgniter\Debug\Exceptions->errorHandler(2, 'Invalid argumen...', '/Users/siddhart...', 48, Array)
#1 /Users/siddharthamishra/Downloads/codeigniter/app/Models/APIRequest.php(23): App\Models\APIRequest->getData()
#2 /Users/siddharthamishra/Downloads/codeigniter/app/Controllers/Maps.php(27): App\Models\APIRequest->processRequest()
#3 /Users/siddharthamishra/Downloads/codeigniter/system/CodeIgniter.php(914): App\Controllers\Maps->autocomplete('bye', '10', '10')
#4 /Users/siddharthamishra/Downloads/codeigniter/system/CodeIgniter.php(400): CodeIgniter\CodeIgniter->runController(Object(App\Controllers\Maps))
#5 /Users/siddharthamishra/Downloads/codeigniter/system/CodeIgniter.php(308): CodeIgniter\CodeIgniter->handleRequest(NULL, Object(Config\Cache), false)
#6 /Users/siddharthamishra/Downloads/codeigniter/public/index.php(45): CodeIgniter\CodeIgniter->run()
#7 /Users/siddharthamishra/Downloads/codeigniter/system/Commands/Server/rewrite.php(34): require_once('/Users/siddhart...')
#8 {main}
CRITICAL - 2020-05-07 12:48:41 --> Invalid argument supplied for foreach()
#0 /Users/siddharthamishra/Downloads/codeigniter/app/Models/APIRequest.php(48): CodeIgniter\Debug\Exceptions->errorHandler(2, 'Invalid argumen...', '/Users/siddhart...', 48, Array)
#1 /Users/siddharthamishra/Downloads/codeigniter/app/Models/APIRequest.php(23): App\Models\APIRequest->getData()
#2 /Users/siddharthamishra/Downloads/codeigniter/app/Controllers/Maps.php(27): App\Models\APIRequest->processRequest()
#3 /Users/siddharthamishra/Downloads/codeigniter/system/CodeIgniter.php(914): App\Controllers\Maps->autocomplete('bye', '10', '10')
#4 /Users/siddharthamishra/Downloads/codeigniter/system/CodeIgniter.php(400): CodeIgniter\CodeIgniter->runController(Object(App\Controllers\Maps))
#5 /Users/siddharthamishra/Downloads/codeigniter/system/CodeIgniter.php(308): CodeIgniter\CodeIgniter->handleRequest(NULL, Object(Config\Cache), false)
#6 /Users/siddharthamishra/Downloads/codeigniter/public/index.php(45): CodeIgniter\CodeIgniter->run()
#7 /Users/siddharthamishra/Downloads/codeigniter/system/Commands/Server/rewrite.php(34): require_once('/Users/siddhart...')
#8 {main}
CRITICAL - 2020-05-07 12:49:27 --> Invalid argument supplied for foreach()
#0 /Users/siddharthamishra/Downloads/codeigniter/app/Models/APIRequest.php(48): CodeIgniter\Debug\Exceptions->errorHandler(2, 'Invalid argumen...', '/Users/siddhart...', 48, Array)
#1 /Users/siddharthamishra/Downloads/codeigniter/app/Models/APIRequest.php(23): App\Models\APIRequest->getData()
#2 /Users/siddharthamishra/Downloads/codeigniter/app/Controllers/Maps.php(27): App\Models\APIRequest->processRequest()
#3 /Users/siddharthamishra/Downloads/codeigniter/system/CodeIgniter.php(914): App\Controllers\Maps->autocomplete('bye', '10', '10')
#4 /Users/siddharthamishra/Downloads/codeigniter/system/CodeIgniter.php(400): CodeIgniter\CodeIgniter->runController(Object(App\Controllers\Maps))
#5 /Users/siddharthamishra/Downloads/codeigniter/system/CodeIgniter.php(308): CodeIgniter\CodeIgniter->handleRequest(NULL, Object(Config\Cache), false)
#6 /Users/siddharthamishra/Downloads/codeigniter/public/index.php(45): CodeIgniter\CodeIgniter->run()
#7 /Users/siddharthamishra/Downloads/codeigniter/system/Commands/Server/rewrite.php(34): require_once('/Users/siddhart...')
#8 {main}
CRITICAL - 2020-05-07 12:49:48 --> Invalid argument supplied for foreach()
#0 /Users/siddharthamishra/Downloads/codeigniter/app/Models/APIRequest.php(48): CodeIgniter\Debug\Exceptions->errorHandler(2, 'Invalid argumen...', '/Users/siddhart...', 48, Array)
#1 /Users/siddharthamishra/Downloads/codeigniter/app/Models/APIRequest.php(23): App\Models\APIRequest->getData()
#2 /Users/siddharthamishra/Downloads/codeigniter/app/Controllers/Maps.php(27): App\Models\APIRequest->processRequest()
#3 /Users/siddharthamishra/Downloads/codeigniter/system/CodeIgniter.php(914): App\Controllers\Maps->autocomplete('bye', '10', '10')
#4 /Users/siddharthamishra/Downloads/codeigniter/system/CodeIgniter.php(400): CodeIgniter\CodeIgniter->runController(Object(App\Controllers\Maps))
#5 /Users/siddharthamishra/Downloads/codeigniter/system/CodeIgniter.php(308): CodeIgniter\CodeIgniter->handleRequest(NULL, Object(Config\Cache), false)
#6 /Users/siddharthamishra/Downloads/codeigniter/public/index.php(45): CodeIgniter\CodeIgniter->run()
#7 /Users/siddharthamishra/Downloads/codeigniter/system/Commands/Server/rewrite.php(34): require_once('/Users/siddhart...')
#8 {main}
CRITICAL - 2020-05-07 12:50:02 --> Invalid argument supplied for foreach()
#0 /Users/siddharthamishra/Downloads/codeigniter/app/Models/APIRequest.php(48): CodeIgniter\Debug\Exceptions->errorHandler(2, 'Invalid argumen...', '/Users/siddhart...', 48, Array)
#1 /Users/siddharthamishra/Downloads/codeigniter/app/Models/APIRequest.php(23): App\Models\APIRequest->getData()
#2 /Users/siddharthamishra/Downloads/codeigniter/app/Controllers/Maps.php(27): App\Models\APIRequest->processRequest()
#3 /Users/siddharthamishra/Downloads/codeigniter/system/CodeIgniter.php(914): App\Controllers\Maps->autocomplete('bye', '10', '10')
#4 /Users/siddharthamishra/Downloads/codeigniter/system/CodeIgniter.php(400): CodeIgniter\CodeIgniter->runController(Object(App\Controllers\Maps))
#5 /Users/siddharthamishra/Downloads/codeigniter/system/CodeIgniter.php(308): CodeIgniter\CodeIgniter->handleRequest(NULL, Object(Config\Cache), false)
#6 /Users/siddharthamishra/Downloads/codeigniter/public/index.php(45): CodeIgniter\CodeIgniter->run()
#7 /Users/siddharthamishra/Downloads/codeigniter/system/Commands/Server/rewrite.php(34): require_once('/Users/siddhart...')
#8 {main}
CRITICAL - 2020-05-07 13:03:55 --> Invalid argument supplied for foreach()
#0 /Users/siddharthamishra/Downloads/codeigniter/app/Models/APIRequest.php(48): CodeIgniter\Debug\Exceptions->errorHandler(2, 'Invalid argumen...', '/Users/siddhart...', 48, Array)
#1 /Users/siddharthamishra/Downloads/codeigniter/app/Models/APIRequest.php(23): App\Models\APIRequest->getData()
#2 /Users/siddharthamishra/Downloads/codeigniter/app/Controllers/Maps.php(27): App\Models\APIRequest->processRequest()
#3 /Users/siddharthamishra/Downloads/codeigniter/system/CodeIgniter.php(914): App\Controllers\Maps->autocomplete('bye', '10', '10')
#4 /Users/siddharthamishra/Downloads/codeigniter/system/CodeIgniter.php(400): CodeIgniter\CodeIgniter->runController(Object(App\Controllers\Maps))
#5 /Users/siddharthamishra/Downloads/codeigniter/system/CodeIgniter.php(308): CodeIgniter\CodeIgniter->handleRequest(NULL, Object(Config\Cache), false)
#6 /Users/siddharthamishra/Downloads/codeigniter/public/index.php(45): CodeIgniter\CodeIgniter->run()
#7 /Users/siddharthamishra/Downloads/codeigniter/system/Commands/Server/rewrite.php(34): require_once('/Users/siddhart...')
#8 {main}
CRITICAL - 2020-05-07 13:04:15 --> Invalid argument supplied for foreach()
#0 /Users/siddharthamishra/Downloads/codeigniter/app/Models/APIRequest.php(48): CodeIgniter\Debug\Exceptions->errorHandler(2, 'Invalid argumen...', '/Users/siddhart...', 48, Array)
#1 /Users/siddharthamishra/Downloads/codeigniter/app/Models/APIRequest.php(23): App\Models\APIRequest->getData()
#2 /Users/siddharthamishra/Downloads/codeigniter/app/Controllers/Maps.php(27): App\Models\APIRequest->processRequest()
#3 /Users/siddharthamishra/Downloads/codeigniter/system/CodeIgniter.php(914): App\Controllers\Maps->autocomplete('bye', '10', '10')
#4 /Users/siddharthamishra/Downloads/codeigniter/system/CodeIgniter.php(400): CodeIgniter\CodeIgniter->runController(Object(App\Controllers\Maps))
#5 /Users/siddharthamishra/Downloads/codeigniter/system/CodeIgniter.php(308): CodeIgniter\CodeIgniter->handleRequest(NULL, Object(Config\Cache), false)
#6 /Users/siddharthamishra/Downloads/codeigniter/public/index.php(45): CodeIgniter\CodeIgniter->run()
#7 /Users/siddharthamishra/Downloads/codeigniter/system/Commands/Server/rewrite.php(34): require_once('/Users/siddhart...')
#8 {main}
CRITICAL - 2020-05-07 13:04:31 --> Invalid argument supplied for foreach()
#0 /Users/siddharthamishra/Downloads/codeigniter/app/Models/APIRequest.php(48): CodeIgniter\Debug\Exceptions->errorHandler(2, 'Invalid argumen...', '/Users/siddhart...', 48, Array)
#1 /Users/siddharthamishra/Downloads/codeigniter/app/Models/APIRequest.php(23): App\Models\APIRequest->getData()
#2 /Users/siddharthamishra/Downloads/codeigniter/app/Controllers/Maps.php(27): App\Models\APIRequest->processRequest()
#3 /Users/siddharthamishra/Downloads/codeigniter/system/CodeIgniter.php(914): App\Controllers\Maps->autocomplete('bye', '10', '10')
#4 /Users/siddharthamishra/Downloads/codeigniter/system/CodeIgniter.php(400): CodeIgniter\CodeIgniter->runController(Object(App\Controllers\Maps))
#5 /Users/siddharthamishra/Downloads/codeigniter/system/CodeIgniter.php(308): CodeIgniter\CodeIgniter->handleRequest(NULL, Object(Config\Cache), false)
#6 /Users/siddharthamishra/Downloads/codeigniter/public/index.php(45): CodeIgniter\CodeIgniter->run()
#7 /Users/siddharthamishra/Downloads/codeigniter/system/Commands/Server/rewrite.php(34): require_once('/Users/siddhart...')
#8 {main}
CRITICAL - 2020-05-07 13:23:18 --> Constant expression contains invalid operations
#0 [internal function]: CodeIgniter\Debug\Exceptions->shutdownHandler()
#1 {main}
CRITICAL - 2020-05-07 13:24:06 --> Undefined variable: client
#0 /Users/siddharthamishra/Downloads/codeigniter/app/Models/APIRequest.php(42): CodeIgniter\Debug\Exceptions->errorHandler(8, 'Undefined varia...', '/Users/siddhart...', 42, Array)
#1 /Users/siddharthamishra/Downloads/codeigniter/app/Models/APIRequest.php(25): App\Models\APIRequest->getData()
#2 /Users/siddharthamishra/Downloads/codeigniter/app/Controllers/Maps.php(27): App\Models\APIRequest->processRequest()
#3 /Users/siddharthamishra/Downloads/codeigniter/system/CodeIgniter.php(914): App\Controllers\Maps->autocomplete('gurg', '100', '100')
#4 /Users/siddharthamishra/Downloads/codeigniter/system/CodeIgniter.php(400): CodeIgniter\CodeIgniter->runController(Object(App\Controllers\Maps))
#5 /Users/siddharthamishra/Downloads/codeigniter/system/CodeIgniter.php(308): CodeIgniter\CodeIgniter->handleRequest(NULL, Object(Config\Cache), false)
#6 /Users/siddharthamishra/Downloads/codeigniter/public/index.php(45): CodeIgniter\CodeIgniter->run()
#7 /Users/siddharthamishra/Downloads/codeigniter/system/Commands/Server/rewrite.php(34): require_once('/Users/siddhart...')
#8 {main}
CRITICAL - 2020-05-07 13:24:21 --> 60 : SSL certificate problem: unable to get local issuer certificate
#0 /Users/siddharthamishra/Downloads/codeigniter/system/HTTP/CURLRequest.php(821): CodeIgniter\HTTP\Exceptions\HTTPException::forCurlError('60', 'SSL certificate...')
#1 /Users/siddharthamishra/Downloads/codeigniter/system/HTTP/CURLRequest.php(449): CodeIgniter\HTTP\CURLRequest->sendRequest(Array)
#2 /Users/siddharthamishra/Downloads/codeigniter/system/HTTP/CURLRequest.php(158): CodeIgniter\HTTP\CURLRequest->send('GET', 'https://maps.go...')
#3 /Users/siddharthamishra/Downloads/codeigniter/app/Models/APIRequest.php(42): CodeIgniter\HTTP\CURLRequest->request('GET', 'https://maps.go...')
#4 /Users/siddharthamishra/Downloads/codeigniter/app/Models/APIRequest.php(25): App\Models\APIRequest->getData()
#5 /Users/siddharthamishra/Downloads/codeigniter/app/Controllers/Maps.php(27): App\Models\APIRequest->processRequest()
#6 /Users/siddharthamishra/Downloads/codeigniter/system/CodeIgniter.php(914): App\Controllers\Maps->autocomplete('gurg', '100', '100')
#7 /Users/siddharthamishra/Downloads/codeigniter/system/CodeIgniter.php(400): CodeIgniter\CodeIgniter->runController(Object(App\Controllers\Maps))
#8 /Users/siddharthamishra/Downloads/codeigniter/system/CodeIgniter.php(308): CodeIgniter\CodeIgniter->handleRequest(NULL, Object(Config\Cache), false)
#9 /Users/siddharthamishra/Downloads/codeigniter/public/index.php(45): CodeIgniter\CodeIgniter->run()
#10 /Users/siddharthamishra/Downloads/codeigniter/system/Commands/Server/rewrite.php(34): require_once('/Users/siddhart...')
#11 {main}
CRITICAL - 2020-05-07 13:27:37 --> 60 : SSL certificate problem: unable to get local issuer certificate
#0 /Users/siddharthamishra/Downloads/codeigniter/system/HTTP/CURLRequest.php(821): CodeIgniter\HTTP\Exceptions\HTTPException::forCurlError('60', 'SSL certificate...')
#1 /Users/siddharthamishra/Downloads/codeigniter/system/HTTP/CURLRequest.php(449): CodeIgniter\HTTP\CURLRequest->sendRequest(Array)
#2 /Users/siddharthamishra/Downloads/codeigniter/system/HTTP/CURLRequest.php(158): CodeIgniter\HTTP\CURLRequest->send('GET', 'https://maps.go...')
#3 /Users/siddharthamishra/Downloads/codeigniter/app/Models/APIRequest.php(42): CodeIgniter\HTTP\CURLRequest->request('GET', 'https://maps.go...')
#4 /Users/siddharthamishra/Downloads/codeigniter/app/Models/APIRequest.php(25): App\Models\APIRequest->getData()
#5 /Users/siddharthamishra/Downloads/codeigniter/app/Controllers/Maps.php(27): App\Models\APIRequest->processRequest()
#6 /Users/siddharthamishra/Downloads/codeigniter/system/CodeIgniter.php(914): App\Controllers\Maps->autocomplete('gurg', '100', '100')
#7 /Users/siddharthamishra/Downloads/codeigniter/system/CodeIgniter.php(400): CodeIgniter\CodeIgniter->runController(Object(App\Controllers\Maps))
#8 /Users/siddharthamishra/Downloads/codeigniter/system/CodeIgniter.php(308): CodeIgniter\CodeIgniter->handleRequest(NULL, Object(Config\Cache), false)
#9 /Users/siddharthamishra/Downloads/codeigniter/public/index.php(45): CodeIgniter\CodeIgniter->run()
#10 /Users/siddharthamishra/Downloads/codeigniter/system/Commands/Server/rewrite.php(34): require_once('/Users/siddhart...')
#11 {main}
CRITICAL - 2020-05-07 13:28:50 --> 60 : SSL certificate problem: unable to get local issuer certificate
#0 /Users/siddharthamishra/Downloads/codeigniter/system/HTTP/CURLRequest.php(821): CodeIgniter\HTTP\Exceptions\HTTPException::forCurlError('60', 'SSL certificate...')
#1 /Users/siddharthamishra/Downloads/codeigniter/system/HTTP/CURLRequest.php(449): CodeIgniter\HTTP\CURLRequest->sendRequest(Array)
#2 /Users/siddharthamishra/Downloads/codeigniter/system/HTTP/CURLRequest.php(158): CodeIgniter\HTTP\CURLRequest->send('GET', 'https://maps.go...')
#3 /Users/siddharthamishra/Downloads/codeigniter/app/Models/APIRequest.php(42): CodeIgniter\HTTP\CURLRequest->request('GET', 'https://maps.go...')
#4 /Users/siddharthamishra/Downloads/codeigniter/app/Models/APIRequest.php(25): App\Models\APIRequest->getData()
#5 /Users/siddharthamishra/Downloads/codeigniter/app/Controllers/Maps.php(27): App\Models\APIRequest->processRequest()
#6 /Users/siddharthamishra/Downloads/codeigniter/system/CodeIgniter.php(914): App\Controllers\Maps->autocomplete('gurg', '100', '100')
#7 /Users/siddharthamishra/Downloads/codeigniter/system/CodeIgniter.php(400): CodeIgniter\CodeIgniter->runController(Object(App\Controllers\Maps))
#8 /Users/siddharthamishra/Downloads/codeigniter/system/CodeIgniter.php(308): CodeIgniter\CodeIgniter->handleRequest(NULL, Object(Config\Cache), false)
#9 /Users/siddharthamishra/Downloads/codeigniter/public/index.php(45): CodeIgniter\CodeIgniter->run()
#10 /Users/siddharthamishra/Downloads/codeigniter/system/Commands/Server/rewrite.php(34): require_once('/Users/siddhart...')
#11 {main}
CRITICAL - 2020-05-07 13:28:51 --> 60 : SSL certificate problem: unable to get local issuer certificate
#0 /Users/siddharthamishra/Downloads/codeigniter/system/HTTP/CURLRequest.php(821): CodeIgniter\HTTP\Exceptions\HTTPException::forCurlError('60', 'SSL certificate...')
#1 /Users/siddharthamishra/Downloads/codeigniter/system/HTTP/CURLRequest.php(449): CodeIgniter\HTTP\CURLRequest->sendRequest(Array)
#2 /Users/siddharthamishra/Downloads/codeigniter/system/HTTP/CURLRequest.php(158): CodeIgniter\HTTP\CURLRequest->send('GET', 'https://maps.go...')
#3 /Users/siddharthamishra/Downloads/codeigniter/app/Models/APIRequest.php(42): CodeIgniter\HTTP\CURLRequest->request('GET', 'https://maps.go...')
#4 /Users/siddharthamishra/Downloads/codeigniter/app/Models/APIRequest.php(25): App\Models\APIRequest->getData()
#5 /Users/siddharthamishra/Downloads/codeigniter/app/Controllers/Maps.php(27): App\Models\APIRequest->processRequest()
#6 /Users/siddharthamishra/Downloads/codeigniter/system/CodeIgniter.php(914): App\Controllers\Maps->autocomplete('gurg', '100', '100')
#7 /Users/siddharthamishra/Downloads/codeigniter/system/CodeIgniter.php(400): CodeIgniter\CodeIgniter->runController(Object(App\Controllers\Maps))
#8 /Users/siddharthamishra/Downloads/codeigniter/system/CodeIgniter.php(308): CodeIgniter\CodeIgniter->handleRequest(NULL, Object(Config\Cache), false)
#9 /Users/siddharthamishra/Downloads/codeigniter/public/index.php(45): CodeIgniter\CodeIgniter->run()
#10 /Users/siddharthamishra/Downloads/codeigniter/system/Commands/Server/rewrite.php(34): require_once('/Users/siddhart...')
#11 {main}
CRITICAL - 2020-05-07 13:29:27 --> SSL certificate not found at: ./app/Models/cacert.pem
#0 /Users/siddharthamishra/Downloads/codeigniter/system/HTTP/CURLRequest.php(653): CodeIgniter\HTTP\Exceptions\HTTPException::forSSLCertNotFound('./app/Models/ca...')
#1 /Users/siddharthamishra/Downloads/codeigniter/system/HTTP/CURLRequest.php(439): CodeIgniter\HTTP\CURLRequest->setCURLOptions(Array, Array)
#2 /Users/siddharthamishra/Downloads/codeigniter/system/HTTP/CURLRequest.php(158): CodeIgniter\HTTP\CURLRequest->send('GET', 'https://maps.go...')
#3 /Users/siddharthamishra/Downloads/codeigniter/app/Models/APIRequest.php(42): CodeIgniter\HTTP\CURLRequest->request('GET', 'https://maps.go...', Array)
#4 /Users/siddharthamishra/Downloads/codeigniter/app/Models/APIRequest.php(25): App\Models\APIRequest->getData()
#5 /Users/siddharthamishra/Downloads/codeigniter/app/Controllers/Maps.php(27): App\Models\APIRequest->processRequest()
#6 /Users/siddharthamishra/Downloads/codeigniter/system/CodeIgniter.php(914): App\Controllers\Maps->autocomplete('gurg', '100', '100')
#7 /Users/siddharthamishra/Downloads/codeigniter/system/CodeIgniter.php(400): CodeIgniter\CodeIgniter->runController(Object(App\Controllers\Maps))
#8 /Users/siddharthamishra/Downloads/codeigniter/system/CodeIgniter.php(308): CodeIgniter\CodeIgniter->handleRequest(NULL, Object(Config\Cache), false)
#9 /Users/siddharthamishra/Downloads/codeigniter/public/index.php(45): CodeIgniter\CodeIgniter->run()
#10 /Users/siddharthamishra/Downloads/codeigniter/system/Commands/Server/rewrite.php(34): require_once('/Users/siddhart...')
#11 {main}
CRITICAL - 2020-05-07 13:29:29 --> SSL certificate not found at: ./app/Models/cacert.pem
#0 /Users/siddharthamishra/Downloads/codeigniter/system/HTTP/CURLRequest.php(653): CodeIgniter\HTTP\Exceptions\HTTPException::forSSLCertNotFound('./app/Models/ca...')
#1 /Users/siddharthamishra/Downloads/codeigniter/system/HTTP/CURLRequest.php(439): CodeIgniter\HTTP\CURLRequest->setCURLOptions(Array, Array)
#2 /Users/siddharthamishra/Downloads/codeigniter/system/HTTP/CURLRequest.php(158): CodeIgniter\HTTP\CURLRequest->send('GET', 'https://maps.go...')
#3 /Users/siddharthamishra/Downloads/codeigniter/app/Models/APIRequest.php(42): CodeIgniter\HTTP\CURLRequest->request('GET', 'https://maps.go...', Array)
#4 /Users/siddharthamishra/Downloads/codeigniter/app/Models/APIRequest.php(25): App\Models\APIRequest->getData()
#5 /Users/siddharthamishra/Downloads/codeigniter/app/Controllers/Maps.php(27): App\Models\APIRequest->processRequest()
#6 /Users/siddharthamishra/Downloads/codeigniter/system/CodeIgniter.php(914): App\Controllers\Maps->autocomplete('gurg', '100', '100')
#7 /Users/siddharthamishra/Downloads/codeigniter/system/CodeIgniter.php(400): CodeIgniter\CodeIgniter->runController(Object(App\Controllers\Maps))
#8 /Users/siddharthamishra/Downloads/codeigniter/system/CodeIgniter.php(308): CodeIgniter\CodeIgniter->handleRequest(NULL, Object(Config\Cache), false)
#9 /Users/siddharthamishra/Downloads/codeigniter/public/index.php(45): CodeIgniter\CodeIgniter->run()
#10 /Users/siddharthamishra/Downloads/codeigniter/system/Commands/Server/rewrite.php(34): require_once('/Users/siddhart...')
#11 {main}
