CRITICAL - 2020-05-11 00:36:06 --> syntax error, unexpected '$data' (T_VARIABLE)
#0 /Users/siddharthamishra/Desktop/GitHub/codeigniter/system/Router/Router.php(192): CodeIgniter\Router\Router->autoRoute('maps/autocomple...')
#1 /Users/siddharthamishra/Desktop/GitHub/codeigniter/system/CodeIgniter.php(789): CodeIgniter\Router\Router->handle('maps/autocomple...')
#2 /Users/siddharthamishra/Desktop/GitHub/codeigniter/system/CodeIgniter.php(360): CodeIgniter\CodeIgniter->tryToRouteIt(Object(CodeIgniter\Router\RouteCollection))
#3 /Users/siddharthamishra/Desktop/GitHub/codeigniter/system/CodeIgniter.php(308): CodeIgniter\CodeIgniter->handleRequest(NULL, Object(Config\Cache), false)
#4 /Users/siddharthamishra/Desktop/GitHub/codeigniter/public/index.php(45): CodeIgniter\CodeIgniter->run()
#5 /Users/siddharthamishra/Desktop/GitHub/codeigniter/system/Commands/Server/rewrite.php(34): require_once('/Users/siddhart...')
#6 {main}
CRITICAL - 2020-05-11 00:43:06 --> Call to undefined method App\Controllers\Maps::response()
#0 /Users/siddharthamishra/Desktop/GitHub/codeigniter/system/CodeIgniter.php(914): App\Controllers\Maps->geocode('%20%20%20loc')
#1 /Users/siddharthamishra/Desktop/GitHub/codeigniter/system/CodeIgniter.php(400): CodeIgniter\CodeIgniter->runController(Object(App\Controllers\Maps))
#2 /Users/siddharthamishra/Desktop/GitHub/codeigniter/system/CodeIgniter.php(308): CodeIgniter\CodeIgniter->handleRequest(NULL, Object(Config\Cache), false)
#3 /Users/siddharthamishra/Desktop/GitHub/codeigniter/public/index.php(45): CodeIgniter\CodeIgniter->run()
#4 /Users/siddharthamishra/Desktop/GitHub/codeigniter/system/Commands/Server/rewrite.php(34): require_once('/Users/siddhart...')
#5 {main}
CRITICAL - 2020-05-11 00:43:07 --> Call to undefined method App\Controllers\Maps::response()
#0 /Users/siddharthamishra/Desktop/GitHub/codeigniter/system/CodeIgniter.php(914): App\Controllers\Maps->geocode('%20%20%20loc')
#1 /Users/siddharthamishra/Desktop/GitHub/codeigniter/system/CodeIgniter.php(400): CodeIgniter\CodeIgniter->runController(Object(App\Controllers\Maps))
#2 /Users/siddharthamishra/Desktop/GitHub/codeigniter/system/CodeIgniter.php(308): CodeIgniter\CodeIgniter->handleRequest(NULL, Object(Config\Cache), false)
#3 /Users/siddharthamishra/Desktop/GitHub/codeigniter/public/index.php(45): CodeIgniter\CodeIgniter->run()
#4 /Users/siddharthamishra/Desktop/GitHub/codeigniter/system/Commands/Server/rewrite.php(34): require_once('/Users/siddhart...')
#5 {main}
CRITICAL - 2020-05-11 00:43:56 --> Call to undefined method App\Controllers\Maps::response()
#0 /Users/siddharthamishra/Desktop/GitHub/codeigniter/system/CodeIgniter.php(914): App\Controllers\Maps->geocode('11764%20North%2...')
#1 /Users/siddharthamishra/Desktop/GitHub/codeigniter/system/CodeIgniter.php(400): CodeIgniter\CodeIgniter->runController(Object(App\Controllers\Maps))
#2 /Users/siddharthamishra/Desktop/GitHub/codeigniter/system/CodeIgniter.php(308): CodeIgniter\CodeIgniter->handleRequest(NULL, Object(Config\Cache), false)
#3 /Users/siddharthamishra/Desktop/GitHub/codeigniter/public/index.php(45): CodeIgniter\CodeIgniter->run()
#4 /Users/siddharthamishra/Desktop/GitHub/codeigniter/system/Commands/Server/rewrite.php(34): require_once('/Users/siddhart...')
#5 {main}
CRITICAL - 2020-05-11 00:44:31 --> Call to undefined method App\Controllers\Maps::response()
#0 /Users/siddharthamishra/Desktop/GitHub/codeigniter/system/CodeIgniter.php(914): App\Controllers\Maps->geocode('11764 Ridge Cre...')
#1 /Users/siddharthamishra/Desktop/GitHub/codeigniter/system/CodeIgniter.php(400): CodeIgniter\CodeIgniter->runController(Object(App\Controllers\Maps))
#2 /Users/siddharthamishra/Desktop/GitHub/codeigniter/system/CodeIgniter.php(308): CodeIgniter\CodeIgniter->handleRequest(NULL, Object(Config\Cache), false)
#3 /Users/siddharthamishra/Desktop/GitHub/codeigniter/public/index.php(45): CodeIgniter\CodeIgniter->run()
#4 /Users/siddharthamishra/Desktop/GitHub/codeigniter/system/Commands/Server/rewrite.php(34): require_once('/Users/siddhart...')
#5 {main}
CRITICAL - 2020-05-11 00:44:47 --> Call to undefined method App\Controllers\Maps::response()
#0 /Users/siddharthamishra/Desktop/GitHub/codeigniter/system/CodeIgniter.php(914): App\Controllers\Maps->geocode('11764 Ridge Cre...')
#1 /Users/siddharthamishra/Desktop/GitHub/codeigniter/system/CodeIgniter.php(400): CodeIgniter\CodeIgniter->runController(Object(App\Controllers\Maps))
#2 /Users/siddharthamishra/Desktop/GitHub/codeigniter/system/CodeIgniter.php(308): CodeIgniter\CodeIgniter->handleRequest(NULL, Object(Config\Cache), false)
#3 /Users/siddharthamishra/Desktop/GitHub/codeigniter/public/index.php(45): CodeIgniter\CodeIgniter->run()
#4 /Users/siddharthamishra/Desktop/GitHub/codeigniter/system/Commands/Server/rewrite.php(34): require_once('/Users/siddhart...')
#5 {main}
