CRITICAL - 2020-05-10 23:26:34 --> SSL certificate not found at: ./app/Models/cacert.pem
#0 /Users/siddharthamishra/Desktop/GitHub/codeigniter/system/HTTP/CURLRequest.php(653): CodeIgniter\HTTP\Exceptions\HTTPException::forSSLCertNotFound('./app/Models/ca...')
#1 /Users/siddharthamishra/Desktop/GitHub/codeigniter/system/HTTP/CURLRequest.php(439): CodeIgniter\HTTP\CURLRequest->setCURLOptions(Array, Array)
#2 /Users/siddharthamishra/Desktop/GitHub/codeigniter/system/HTTP/CURLRequest.php(158): CodeIgniter\HTTP\CURLRequest->send('GET', 'https://maps.go...')
#3 /Users/siddharthamishra/Desktop/GitHub/codeigniter/app/Models/APIRequest.php(42): CodeIgniter\HTTP\CURLRequest->request('GET', 'https://maps.go...', Array)
#4 /Users/siddharthamishra/Desktop/GitHub/codeigniter/app/Models/APIRequest.php(25): App\Models\APIRequest->getData()
#5 /Users/siddharthamishra/Desktop/GitHub/codeigniter/app/Controllers/Maps.php(27): App\Models\APIRequest->processRequest()
#6 /Users/siddharthamishra/Desktop/GitHub/codeigniter/system/CodeIgniter.php(914): App\Controllers\Maps->autocomplete('hl', '28.6139', '77.209')
#7 /Users/siddharthamishra/Desktop/GitHub/codeigniter/system/CodeIgniter.php(400): CodeIgniter\CodeIgniter->runController(Object(App\Controllers\Maps))
#8 /Users/siddharthamishra/Desktop/GitHub/codeigniter/system/CodeIgniter.php(308): CodeIgniter\CodeIgniter->handleRequest(NULL, Object(Config\Cache), false)
#9 /Users/siddharthamishra/Desktop/GitHub/codeigniter/public/index.php(45): CodeIgniter\CodeIgniter->run()
#10 /Users/siddharthamishra/Desktop/GitHub/codeigniter/system/Commands/Server/rewrite.php(34): require_once('/Users/siddhart...')
#11 {main}
CRITICAL - 2020-05-10 23:26:36 --> SSL certificate not found at: ./app/Models/cacert.pem
#0 /Users/siddharthamishra/Desktop/GitHub/codeigniter/system/HTTP/CURLRequest.php(653): CodeIgniter\HTTP\Exceptions\HTTPException::forSSLCertNotFound('./app/Models/ca...')
#1 /Users/siddharthamishra/Desktop/GitHub/codeigniter/system/HTTP/CURLRequest.php(439): CodeIgniter\HTTP\CURLRequest->setCURLOptions(Array, Array)
#2 /Users/siddharthamishra/Desktop/GitHub/codeigniter/system/HTTP/CURLRequest.php(158): CodeIgniter\HTTP\CURLRequest->send('GET', 'https://maps.go...')
#3 /Users/siddharthamishra/Desktop/GitHub/codeigniter/app/Models/APIRequest.php(42): CodeIgniter\HTTP\CURLRequest->request('GET', 'https://maps.go...', Array)
#4 /Users/siddharthamishra/Desktop/GitHub/codeigniter/app/Models/APIRequest.php(25): App\Models\APIRequest->getData()
#5 /Users/siddharthamishra/Desktop/GitHub/codeigniter/app/Controllers/Maps.php(27): App\Models\APIRequest->processRequest()
#6 /Users/siddharthamishra/Desktop/GitHub/codeigniter/system/CodeIgniter.php(914): App\Controllers\Maps->autocomplete('hello', '28.6139', '77.209')
#7 /Users/siddharthamishra/Desktop/GitHub/codeigniter/system/CodeIgniter.php(400): CodeIgniter\CodeIgniter->runController(Object(App\Controllers\Maps))
#8 /Users/siddharthamishra/Desktop/GitHub/codeigniter/system/CodeIgniter.php(308): CodeIgniter\CodeIgniter->handleRequest(NULL, Object(Config\Cache), false)
#9 /Users/siddharthamishra/Desktop/GitHub/codeigniter/public/index.php(45): CodeIgniter\CodeIgniter->run()
#10 /Users/siddharthamishra/Desktop/GitHub/codeigniter/system/Commands/Server/rewrite.php(34): require_once('/Users/siddhart...')
#11 {main}
CRITICAL - 2020-05-10 23:26:45 --> SSL certificate not found at: ./app/Models/cacert.pem
#0 /Users/siddharthamishra/Desktop/GitHub/codeigniter/system/HTTP/CURLRequest.php(653): CodeIgniter\HTTP\Exceptions\HTTPException::forSSLCertNotFound('./app/Models/ca...')
#1 /Users/siddharthamishra/Desktop/GitHub/codeigniter/system/HTTP/CURLRequest.php(439): CodeIgniter\HTTP\CURLRequest->setCURLOptions(Array, Array)
#2 /Users/siddharthamishra/Desktop/GitHub/codeigniter/system/HTTP/CURLRequest.php(158): CodeIgniter\HTTP\CURLRequest->send('GET', 'https://maps.go...')
#3 /Users/siddharthamishra/Desktop/GitHub/codeigniter/app/Models/APIRequest.php(42): CodeIgniter\HTTP\CURLRequest->request('GET', 'https://maps.go...', Array)
#4 /Users/siddharthamishra/Desktop/GitHub/codeigniter/app/Models/APIRequest.php(25): App\Models\APIRequest->getData()
#5 /Users/siddharthamishra/Desktop/GitHub/codeigniter/app/Controllers/Maps.php(27): App\Models\APIRequest->processRequest()
#6 /Users/siddharthamishra/Desktop/GitHub/codeigniter/system/CodeIgniter.php(914): App\Controllers\Maps->autocomplete('hl', '28.6139', '77.209')
#7 /Users/siddharthamishra/Desktop/GitHub/codeigniter/system/CodeIgniter.php(400): CodeIgniter\CodeIgniter->runController(Object(App\Controllers\Maps))
#8 /Users/siddharthamishra/Desktop/GitHub/codeigniter/system/CodeIgniter.php(308): CodeIgniter\CodeIgniter->handleRequest(NULL, Object(Config\Cache), false)
#9 /Users/siddharthamishra/Desktop/GitHub/codeigniter/public/index.php(45): CodeIgniter\CodeIgniter->run()
#10 /Users/siddharthamishra/Desktop/GitHub/codeigniter/system/Commands/Server/rewrite.php(34): require_once('/Users/siddhart...')
#11 {main}
CRITICAL - 2020-05-10 23:27:44 --> SSL certificate not found at: /app/Models/cacert.pem
#0 /Users/siddharthamishra/Desktop/GitHub/codeigniter/system/HTTP/CURLRequest.php(653): CodeIgniter\HTTP\Exceptions\HTTPException::forSSLCertNotFound('/app/Models/cac...')
#1 /Users/siddharthamishra/Desktop/GitHub/codeigniter/system/HTTP/CURLRequest.php(439): CodeIgniter\HTTP\CURLRequest->setCURLOptions(Array, Array)
#2 /Users/siddharthamishra/Desktop/GitHub/codeigniter/system/HTTP/CURLRequest.php(158): CodeIgniter\HTTP\CURLRequest->send('GET', 'https://maps.go...')
#3 /Users/siddharthamishra/Desktop/GitHub/codeigniter/app/Models/APIRequest.php(42): CodeIgniter\HTTP\CURLRequest->request('GET', 'https://maps.go...', Array)
#4 /Users/siddharthamishra/Desktop/GitHub/codeigniter/app/Models/APIRequest.php(25): App\Models\APIRequest->getData()
#5 /Users/siddharthamishra/Desktop/GitHub/codeigniter/app/Controllers/Maps.php(27): App\Models\APIRequest->processRequest()
#6 /Users/siddharthamishra/Desktop/GitHub/codeigniter/system/CodeIgniter.php(914): App\Controllers\Maps->autocomplete('hl', '28.6139', '77.209')
#7 /Users/siddharthamishra/Desktop/GitHub/codeigniter/system/CodeIgniter.php(400): CodeIgniter\CodeIgniter->runController(Object(App\Controllers\Maps))
#8 /Users/siddharthamishra/Desktop/GitHub/codeigniter/system/CodeIgniter.php(308): CodeIgniter\CodeIgniter->handleRequest(NULL, Object(Config\Cache), false)
#9 /Users/siddharthamishra/Desktop/GitHub/codeigniter/public/index.php(45): CodeIgniter\CodeIgniter->run()
#10 /Users/siddharthamishra/Desktop/GitHub/codeigniter/system/Commands/Server/rewrite.php(34): require_once('/Users/siddhart...')
#11 {main}
CRITICAL - 2020-05-10 23:27:47 --> SSL certificate not found at: /app/Models/cacert.pem
#0 /Users/siddharthamishra/Desktop/GitHub/codeigniter/system/HTTP/CURLRequest.php(653): CodeIgniter\HTTP\Exceptions\HTTPException::forSSLCertNotFound('/app/Models/cac...')
#1 /Users/siddharthamishra/Desktop/GitHub/codeigniter/system/HTTP/CURLRequest.php(439): CodeIgniter\HTTP\CURLRequest->setCURLOptions(Array, Array)
#2 /Users/siddharthamishra/Desktop/GitHub/codeigniter/system/HTTP/CURLRequest.php(158): CodeIgniter\HTTP\CURLRequest->send('GET', 'https://maps.go...')
#3 /Users/siddharthamishra/Desktop/GitHub/codeigniter/app/Models/APIRequest.php(42): CodeIgniter\HTTP\CURLRequest->request('GET', 'https://maps.go...', Array)
#4 /Users/siddharthamishra/Desktop/GitHub/codeigniter/app/Models/APIRequest.php(25): App\Models\APIRequest->getData()
#5 /Users/siddharthamishra/Desktop/GitHub/codeigniter/app/Controllers/Maps.php(27): App\Models\APIRequest->processRequest()
#6 /Users/siddharthamishra/Desktop/GitHub/codeigniter/system/CodeIgniter.php(914): App\Controllers\Maps->autocomplete('hl', '28.6139', '77.209')
#7 /Users/siddharthamishra/Desktop/GitHub/codeigniter/system/CodeIgniter.php(400): CodeIgniter\CodeIgniter->runController(Object(App\Controllers\Maps))
#8 /Users/siddharthamishra/Desktop/GitHub/codeigniter/system/CodeIgniter.php(308): CodeIgniter\CodeIgniter->handleRequest(NULL, Object(Config\Cache), false)
#9 /Users/siddharthamishra/Desktop/GitHub/codeigniter/public/index.php(45): CodeIgniter\CodeIgniter->run()
#10 /Users/siddharthamishra/Desktop/GitHub/codeigniter/system/Commands/Server/rewrite.php(34): require_once('/Users/siddhart...')
#11 {main}
CRITICAL - 2020-05-10 23:27:48 --> SSL certificate not found at: /app/Models/cacert.pem
#0 /Users/siddharthamishra/Desktop/GitHub/codeigniter/system/HTTP/CURLRequest.php(653): CodeIgniter\HTTP\Exceptions\HTTPException::forSSLCertNotFound('/app/Models/cac...')
#1 /Users/siddharthamishra/Desktop/GitHub/codeigniter/system/HTTP/CURLRequest.php(439): CodeIgniter\HTTP\CURLRequest->setCURLOptions(Array, Array)
#2 /Users/siddharthamishra/Desktop/GitHub/codeigniter/system/HTTP/CURLRequest.php(158): CodeIgniter\HTTP\CURLRequest->send('GET', 'https://maps.go...')
#3 /Users/siddharthamishra/Desktop/GitHub/codeigniter/app/Models/APIRequest.php(42): CodeIgniter\HTTP\CURLRequest->request('GET', 'https://maps.go...', Array)
#4 /Users/siddharthamishra/Desktop/GitHub/codeigniter/app/Models/APIRequest.php(25): App\Models\APIRequest->getData()
#5 /Users/siddharthamishra/Desktop/GitHub/codeigniter/app/Controllers/Maps.php(27): App\Models\APIRequest->processRequest()
#6 /Users/siddharthamishra/Desktop/GitHub/codeigniter/system/CodeIgniter.php(914): App\Controllers\Maps->autocomplete('hl', '28.6139', '77.209')
#7 /Users/siddharthamishra/Desktop/GitHub/codeigniter/system/CodeIgniter.php(400): CodeIgniter\CodeIgniter->runController(Object(App\Controllers\Maps))
#8 /Users/siddharthamishra/Desktop/GitHub/codeigniter/system/CodeIgniter.php(308): CodeIgniter\CodeIgniter->handleRequest(NULL, Object(Config\Cache), false)
#9 /Users/siddharthamishra/Desktop/GitHub/codeigniter/public/index.php(45): CodeIgniter\CodeIgniter->run()
#10 /Users/siddharthamishra/Desktop/GitHub/codeigniter/system/Commands/Server/rewrite.php(34): require_once('/Users/siddhart...')
#11 {main}
CRITICAL - 2020-05-10 23:27:53 --> SSL certificate not found at: /app/Models/cacert.pem
#0 /Users/siddharthamishra/Desktop/GitHub/codeigniter/system/HTTP/CURLRequest.php(653): CodeIgniter\HTTP\Exceptions\HTTPException::forSSLCertNotFound('/app/Models/cac...')
#1 /Users/siddharthamishra/Desktop/GitHub/codeigniter/system/HTTP/CURLRequest.php(439): CodeIgniter\HTTP\CURLRequest->setCURLOptions(Array, Array)
#2 /Users/siddharthamishra/Desktop/GitHub/codeigniter/system/HTTP/CURLRequest.php(158): CodeIgniter\HTTP\CURLRequest->send('GET', 'https://maps.go...')
#3 /Users/siddharthamishra/Desktop/GitHub/codeigniter/app/Models/APIRequest.php(42): CodeIgniter\HTTP\CURLRequest->request('GET', 'https://maps.go...', Array)
#4 /Users/siddharthamishra/Desktop/GitHub/codeigniter/app/Models/APIRequest.php(25): App\Models\APIRequest->getData()
#5 /Users/siddharthamishra/Desktop/GitHub/codeigniter/app/Controllers/Maps.php(27): App\Models\APIRequest->processRequest()
#6 /Users/siddharthamishra/Desktop/GitHub/codeigniter/system/CodeIgniter.php(914): App\Controllers\Maps->autocomplete('hl', '28.6139', '77.209')
#7 /Users/siddharthamishra/Desktop/GitHub/codeigniter/system/CodeIgniter.php(400): CodeIgniter\CodeIgniter->runController(Object(App\Controllers\Maps))
#8 /Users/siddharthamishra/Desktop/GitHub/codeigniter/system/CodeIgniter.php(308): CodeIgniter\CodeIgniter->handleRequest(NULL, Object(Config\Cache), false)
#9 /Users/siddharthamishra/Desktop/GitHub/codeigniter/public/index.php(45): CodeIgniter\CodeIgniter->run()
#10 /Users/siddharthamishra/Desktop/GitHub/codeigniter/system/Commands/Server/rewrite.php(34): require_once('/Users/siddhart...')
#11 {main}
CRITICAL - 2020-05-10 23:29:15 --> SSL certificate not found at: /app/Models/cacert.pem
#0 /Users/siddharthamishra/Desktop/GitHub/codeigniter/system/HTTP/CURLRequest.php(653): CodeIgniter\HTTP\Exceptions\HTTPException::forSSLCertNotFound('/app/Models/cac...')
#1 /Users/siddharthamishra/Desktop/GitHub/codeigniter/system/HTTP/CURLRequest.php(439): CodeIgniter\HTTP\CURLRequest->setCURLOptions(Array, Array)
#2 /Users/siddharthamishra/Desktop/GitHub/codeigniter/system/HTTP/CURLRequest.php(158): CodeIgniter\HTTP\CURLRequest->send('GET', 'https://maps.go...')
#3 /Users/siddharthamishra/Desktop/GitHub/codeigniter/app/Models/APIRequest.php(42): CodeIgniter\HTTP\CURLRequest->request('GET', 'https://maps.go...', Array)
#4 /Users/siddharthamishra/Desktop/GitHub/codeigniter/app/Models/APIRequest.php(25): App\Models\APIRequest->getData()
#5 /Users/siddharthamishra/Desktop/GitHub/codeigniter/app/Controllers/Maps.php(27): App\Models\APIRequest->processRequest()
#6 /Users/siddharthamishra/Desktop/GitHub/codeigniter/system/CodeIgniter.php(914): App\Controllers\Maps->autocomplete('hl', '28.6139', '77.209')
#7 /Users/siddharthamishra/Desktop/GitHub/codeigniter/system/CodeIgniter.php(400): CodeIgniter\CodeIgniter->runController(Object(App\Controllers\Maps))
#8 /Users/siddharthamishra/Desktop/GitHub/codeigniter/system/CodeIgniter.php(308): CodeIgniter\CodeIgniter->handleRequest(NULL, Object(Config\Cache), false)
#9 /Users/siddharthamishra/Desktop/GitHub/codeigniter/public/index.php(45): CodeIgniter\CodeIgniter->run()
#10 /Users/siddharthamishra/Desktop/GitHub/codeigniter/system/Commands/Server/rewrite.php(34): require_once('/Users/siddhart...')
#11 {main}
CRITICAL - 2020-05-10 23:29:53 --> SSL certificate not found at: cacert.pem
#0 /Users/siddharthamishra/Desktop/GitHub/codeigniter/system/HTTP/CURLRequest.php(653): CodeIgniter\HTTP\Exceptions\HTTPException::forSSLCertNotFound('cacert.pem')
#1 /Users/siddharthamishra/Desktop/GitHub/codeigniter/system/HTTP/CURLRequest.php(439): CodeIgniter\HTTP\CURLRequest->setCURLOptions(Array, Array)
#2 /Users/siddharthamishra/Desktop/GitHub/codeigniter/system/HTTP/CURLRequest.php(158): CodeIgniter\HTTP\CURLRequest->send('GET', 'https://maps.go...')
#3 /Users/siddharthamishra/Desktop/GitHub/codeigniter/app/Models/APIRequest.php(42): CodeIgniter\HTTP\CURLRequest->request('GET', 'https://maps.go...', Array)
#4 /Users/siddharthamishra/Desktop/GitHub/codeigniter/app/Models/APIRequest.php(25): App\Models\APIRequest->getData()
#5 /Users/siddharthamishra/Desktop/GitHub/codeigniter/app/Controllers/Maps.php(27): App\Models\APIRequest->processRequest()
#6 /Users/siddharthamishra/Desktop/GitHub/codeigniter/system/CodeIgniter.php(914): App\Controllers\Maps->autocomplete('hl', '28.6139', '77.209')
#7 /Users/siddharthamishra/Desktop/GitHub/codeigniter/system/CodeIgniter.php(400): CodeIgniter\CodeIgniter->runController(Object(App\Controllers\Maps))
#8 /Users/siddharthamishra/Desktop/GitHub/codeigniter/system/CodeIgniter.php(308): CodeIgniter\CodeIgniter->handleRequest(NULL, Object(Config\Cache), false)
#9 /Users/siddharthamishra/Desktop/GitHub/codeigniter/public/index.php(45): CodeIgniter\CodeIgniter->run()
#10 /Users/siddharthamishra/Desktop/GitHub/codeigniter/system/Commands/Server/rewrite.php(34): require_once('/Users/siddhart...')
#11 {main}
CRITICAL - 2020-05-10 23:29:55 --> SSL certificate not found at: cacert.pem
#0 /Users/siddharthamishra/Desktop/GitHub/codeigniter/system/HTTP/CURLRequest.php(653): CodeIgniter\HTTP\Exceptions\HTTPException::forSSLCertNotFound('cacert.pem')
#1 /Users/siddharthamishra/Desktop/GitHub/codeigniter/system/HTTP/CURLRequest.php(439): CodeIgniter\HTTP\CURLRequest->setCURLOptions(Array, Array)
#2 /Users/siddharthamishra/Desktop/GitHub/codeigniter/system/HTTP/CURLRequest.php(158): CodeIgniter\HTTP\CURLRequest->send('GET', 'https://maps.go...')
#3 /Users/siddharthamishra/Desktop/GitHub/codeigniter/app/Models/APIRequest.php(42): CodeIgniter\HTTP\CURLRequest->request('GET', 'https://maps.go...', Array)
#4 /Users/siddharthamishra/Desktop/GitHub/codeigniter/app/Models/APIRequest.php(25): App\Models\APIRequest->getData()
#5 /Users/siddharthamishra/Desktop/GitHub/codeigniter/app/Controllers/Maps.php(27): App\Models\APIRequest->processRequest()
#6 /Users/siddharthamishra/Desktop/GitHub/codeigniter/system/CodeIgniter.php(914): App\Controllers\Maps->autocomplete('hl', '28.6139', '77.209')
#7 /Users/siddharthamishra/Desktop/GitHub/codeigniter/system/CodeIgniter.php(400): CodeIgniter\CodeIgniter->runController(Object(App\Controllers\Maps))
#8 /Users/siddharthamishra/Desktop/GitHub/codeigniter/system/CodeIgniter.php(308): CodeIgniter\CodeIgniter->handleRequest(NULL, Object(Config\Cache), false)
#9 /Users/siddharthamishra/Desktop/GitHub/codeigniter/public/index.php(45): CodeIgniter\CodeIgniter->run()
#10 /Users/siddharthamishra/Desktop/GitHub/codeigniter/system/Commands/Server/rewrite.php(34): require_once('/Users/siddhart...')
#11 {main}
CRITICAL - 2020-05-10 23:30:33 --> 58 : unable to set private key file: '../app/Models/cacert.pem' type PEM
#0 /Users/siddharthamishra/Desktop/GitHub/codeigniter/system/HTTP/CURLRequest.php(821): CodeIgniter\HTTP\Exceptions\HTTPException::forCurlError('58', 'unable to set p...')
#1 /Users/siddharthamishra/Desktop/GitHub/codeigniter/system/HTTP/CURLRequest.php(449): CodeIgniter\HTTP\CURLRequest->sendRequest(Array)
#2 /Users/siddharthamishra/Desktop/GitHub/codeigniter/system/HTTP/CURLRequest.php(158): CodeIgniter\HTTP\CURLRequest->send('GET', 'https://maps.go...')
#3 /Users/siddharthamishra/Desktop/GitHub/codeigniter/app/Models/APIRequest.php(42): CodeIgniter\HTTP\CURLRequest->request('GET', 'https://maps.go...', Array)
#4 /Users/siddharthamishra/Desktop/GitHub/codeigniter/app/Models/APIRequest.php(25): App\Models\APIRequest->getData()
#5 /Users/siddharthamishra/Desktop/GitHub/codeigniter/app/Controllers/Maps.php(27): App\Models\APIRequest->processRequest()
#6 /Users/siddharthamishra/Desktop/GitHub/codeigniter/system/CodeIgniter.php(914): App\Controllers\Maps->autocomplete('hl', '28.6139', '77.209')
#7 /Users/siddharthamishra/Desktop/GitHub/codeigniter/system/CodeIgniter.php(400): CodeIgniter\CodeIgniter->runController(Object(App\Controllers\Maps))
#8 /Users/siddharthamishra/Desktop/GitHub/codeigniter/system/CodeIgniter.php(308): CodeIgniter\CodeIgniter->handleRequest(NULL, Object(Config\Cache), false)
#9 /Users/siddharthamishra/Desktop/GitHub/codeigniter/public/index.php(45): CodeIgniter\CodeIgniter->run()
#10 /Users/siddharthamishra/Desktop/GitHub/codeigniter/system/Commands/Server/rewrite.php(34): require_once('/Users/siddhart...')
#11 {main}
CRITICAL - 2020-05-10 23:34:04 --> 58 : unable to set private key file: '../app/Models/cacert.pem' type PEM
#0 /Users/siddharthamishra/Desktop/GitHub/codeigniter/system/HTTP/CURLRequest.php(821): CodeIgniter\HTTP\Exceptions\HTTPException::forCurlError('58', 'unable to set p...')
#1 /Users/siddharthamishra/Desktop/GitHub/codeigniter/system/HTTP/CURLRequest.php(449): CodeIgniter\HTTP\CURLRequest->sendRequest(Array)
#2 /Users/siddharthamishra/Desktop/GitHub/codeigniter/system/HTTP/CURLRequest.php(158): CodeIgniter\HTTP\CURLRequest->send('GET', 'https://maps.go...')
#3 /Users/siddharthamishra/Desktop/GitHub/codeigniter/app/Models/APIRequest.php(42): CodeIgniter\HTTP\CURLRequest->request('GET', 'https://maps.go...', Array)
#4 /Users/siddharthamishra/Desktop/GitHub/codeigniter/app/Models/APIRequest.php(25): App\Models\APIRequest->getData()
#5 /Users/siddharthamishra/Desktop/GitHub/codeigniter/app/Controllers/Maps.php(27): App\Models\APIRequest->processRequest()
#6 /Users/siddharthamishra/Desktop/GitHub/codeigniter/system/CodeIgniter.php(914): App\Controllers\Maps->autocomplete('gurg', '100', '100')
#7 /Users/siddharthamishra/Desktop/GitHub/codeigniter/system/CodeIgniter.php(400): CodeIgniter\CodeIgniter->runController(Object(App\Controllers\Maps))
#8 /Users/siddharthamishra/Desktop/GitHub/codeigniter/system/CodeIgniter.php(308): CodeIgniter\CodeIgniter->handleRequest(NULL, Object(Config\Cache), false)
#9 /Users/siddharthamishra/Desktop/GitHub/codeigniter/public/index.php(45): CodeIgniter\CodeIgniter->run()
#10 /Users/siddharthamishra/Desktop/GitHub/codeigniter/system/Commands/Server/rewrite.php(34): require_once('/Users/siddhart...')
#11 {main}
CRITICAL - 2020-05-10 23:41:21 --> 60 : SSL certificate problem: unable to get local issuer certificate
#0 /Users/siddharthamishra/Desktop/GitHub/codeigniter/system/HTTP/CURLRequest.php(821): CodeIgniter\HTTP\Exceptions\HTTPException::forCurlError('60', 'SSL certificate...')
#1 /Users/siddharthamishra/Desktop/GitHub/codeigniter/system/HTTP/CURLRequest.php(449): CodeIgniter\HTTP\CURLRequest->sendRequest(Array)
#2 /Users/siddharthamishra/Desktop/GitHub/codeigniter/system/HTTP/CURLRequest.php(158): CodeIgniter\HTTP\CURLRequest->send('GET', 'https://maps.go...')
#3 /Users/siddharthamishra/Desktop/GitHub/codeigniter/app/Models/APIRequest.php(42): CodeIgniter\HTTP\CURLRequest->request('GET', 'https://maps.go...')
#4 /Users/siddharthamishra/Desktop/GitHub/codeigniter/app/Models/APIRequest.php(25): App\Models\APIRequest->getData()
#5 /Users/siddharthamishra/Desktop/GitHub/codeigniter/app/Controllers/Maps.php(27): App\Models\APIRequest->processRequest()
#6 /Users/siddharthamishra/Desktop/GitHub/codeigniter/system/CodeIgniter.php(914): App\Controllers\Maps->autocomplete('hl', '28.6139', '77.209')
#7 /Users/siddharthamishra/Desktop/GitHub/codeigniter/system/CodeIgniter.php(400): CodeIgniter\CodeIgniter->runController(Object(App\Controllers\Maps))
#8 /Users/siddharthamishra/Desktop/GitHub/codeigniter/system/CodeIgniter.php(308): CodeIgniter\CodeIgniter->handleRequest(NULL, Object(Config\Cache), false)
#9 /Users/siddharthamishra/Desktop/GitHub/codeigniter/public/index.php(45): CodeIgniter\CodeIgniter->run()
#10 /Users/siddharthamishra/Desktop/GitHub/codeigniter/system/Commands/Server/rewrite.php(34): require_once('/Users/siddhart...')
#11 {main}
CRITICAL - 2020-05-10 23:44:14 --> curl_setopt(): CURLOPT_SSL_VERIFYHOST no longer accepts the value 1, value 2 will be used instead
#0 [internal function]: CodeIgniter\Debug\Exceptions->errorHandler(8, 'curl_setopt(): ...', '/Users/siddhart...', 94, Array)
#1 /Users/siddharthamishra/Desktop/GitHub/codeigniter/app/Models/APIRequest.php(94): curl_setopt(Resource id #96, 81, 1)
#2 /Users/siddharthamishra/Desktop/GitHub/codeigniter/app/Models/APIRequest.php(42): App\Models\APIRequest->get_from_link('https://maps.go...')
#3 /Users/siddharthamishra/Desktop/GitHub/codeigniter/app/Models/APIRequest.php(25): App\Models\APIRequest->getData()
#4 /Users/siddharthamishra/Desktop/GitHub/codeigniter/app/Controllers/Maps.php(27): App\Models\APIRequest->processRequest()
#5 /Users/siddharthamishra/Desktop/GitHub/codeigniter/system/CodeIgniter.php(914): App\Controllers\Maps->autocomplete('hl', '28.6139', '77.209')
#6 /Users/siddharthamishra/Desktop/GitHub/codeigniter/system/CodeIgniter.php(400): CodeIgniter\CodeIgniter->runController(Object(App\Controllers\Maps))
#7 /Users/siddharthamishra/Desktop/GitHub/codeigniter/system/CodeIgniter.php(308): CodeIgniter\CodeIgniter->handleRequest(NULL, Object(Config\Cache), false)
#8 /Users/siddharthamishra/Desktop/GitHub/codeigniter/public/index.php(45): CodeIgniter\CodeIgniter->run()
#9 /Users/siddharthamishra/Desktop/GitHub/codeigniter/system/Commands/Server/rewrite.php(34): require_once('/Users/siddhart...')
#10 {main}
CRITICAL - 2020-05-10 23:56:25 --> Array to string conversion
#0 /Users/siddharthamishra/Desktop/GitHub/codeigniter/app/Models/APIRequest.php(56): CodeIgniter\Debug\Exceptions->errorHandler(8, 'Array to string...', '/Users/siddhart...', 56, Array)
#1 /Users/siddharthamishra/Desktop/GitHub/codeigniter/app/Models/APIRequest.php(25): App\Models\APIRequest->getData()
#2 /Users/siddharthamishra/Desktop/GitHub/codeigniter/app/Controllers/Maps.php(27): App\Models\APIRequest->processRequest()
#3 /Users/siddharthamishra/Desktop/GitHub/codeigniter/system/CodeIgniter.php(914): App\Controllers\Maps->autocomplete('hl', '28.6139', '77.209')
#4 /Users/siddharthamishra/Desktop/GitHub/codeigniter/system/CodeIgniter.php(400): CodeIgniter\CodeIgniter->runController(Object(App\Controllers\Maps))
#5 /Users/siddharthamishra/Desktop/GitHub/codeigniter/system/CodeIgniter.php(308): CodeIgniter\CodeIgniter->handleRequest(NULL, Object(Config\Cache), false)
#6 /Users/siddharthamishra/Desktop/GitHub/codeigniter/public/index.php(45): CodeIgniter\CodeIgniter->run()
#7 /Users/siddharthamishra/Desktop/GitHub/codeigniter/system/Commands/Server/rewrite.php(34): require_once('/Users/siddhart...')
#8 {main}
